    Checking rumbas v0.4.1-rc (/media/jesse/Data/Programming/rumbas/rumbas)
error[E0432]: unresolved import `crate::exam::navigation::NormalNavigation`
 --> rumbas/src/exam/normal.rs:5:5
  |
5 | use crate::exam::navigation::NormalNavigation;
  |     ^^^^^^^^^^^^^^^^^^^^^^^^^^^^^^^^^^^^^^^^^ no `NormalNavigation` in `exam::navigation`

error[E0432]: unresolved import `crate::exam::navigation::NormalNavigationInput`
 --> rumbas/src/exam/normal.rs:6:5
  |
6 | use crate::exam::navigation::NormalNavigationInput;
  |     ^^^^^^^^^^^^^^^^^^^^^^^^^---------------------
  |     |                        |
  |     |                        help: a similar name exists in the module: `MenuNavigationInput`
  |     no `NormalNavigationInput` in `exam::navigation`

error[E0432]: unresolved import `ExamFileTypeInput`
  --> rumbas/src/exam/mod.rs:68:13
   |
68 |         use ExamFileTypeInput::*;
   |             ^^^^^^^^^^^^^^^^^ use of undeclared type `ExamFileTypeInput`

error[E0432]: unresolved import `crate::support::variable_valued::JMEStringInput`
 --> rumbas/src/question/constants.rs:4:5
  |
4 | use crate::support::variable_valued::JMEStringInput;
  |     ^^^^^^^^^^^^^^^^^^^^^^^^^^^^^^^^^^^^^^^^^^^^^^^ no `JMEStringInput` in `support::variable_valued`

error[E0432]: unresolved imports `crate::question::part::question_part::QuestionPartInput`, `crate::question::part::question_part::VariableReplacementStrategyInput`
 --> rumbas/src/question/part/extension.rs:4:44
  |
4 | use crate::question::part::question_part::{QuestionPartInput, VariableReplacementStrategyInput};
  |                                            ^^^^^^^^^^^^^^^^^  ^^^^^^^^^^^^^^^^^^^^^^^^^^^^^^^^ no `VariableReplacementStrategyInput` in `question::part::question_part`
  |                                            |
  |                                            no `QuestionPartInput` in `question::part::question_part`
  |
help: a similar name exists in the module
  |
4 | use crate::question::part::question_part::{QuestionPartsInput, VariableReplacementStrategyInput};
  |                                            ^^^^^^^^^^^^^^^^^^
help: a similar name exists in the module
  |
4 | use crate::question::part::question_part::{QuestionPartInput, VariableReplacementStrategy};
  |                                                               ^^^^^^^^^^^^^^^^^^^^^^^^^^^

error[E0432]: unresolved imports `crate::question::part::question_part::QuestionPartInput`, `crate::question::part::question_part::VariableReplacementStrategyInput`
 --> rumbas/src/question/part/gapfill.rs:4:5
  |
4 |     QuestionPartInput, QuestionPartsInput, VariableReplacementStrategyInput,
  |     ^^^^^^^^^^^^^^^^^                      ^^^^^^^^^^^^^^^^^^^^^^^^^^^^^^^^ no `VariableReplacementStrategyInput` in `question::part::question_part`
  |     |
  |     no `QuestionPartInput` in `question::part::question_part`
  |
help: a similar name exists in the module
  |
4 |     QuestionPartsInput, QuestionPartsInput, VariableReplacementStrategyInput,
  |     ^^^^^^^^^^^^^^^^^^
help: a similar name exists in the module
  |
4 |     QuestionPartInput, QuestionPartsInput, VariableReplacementStrategy,
  |                                            ^^^^^^^^^^^^^^^^^^^^^^^^^^^

error[E0432]: unresolved imports `crate::question::part::question_part::QuestionPartInput`, `crate::question::part::question_part::VariableReplacementStrategyInput`
 --> rumbas/src/question/part/information.rs:4:44
  |
4 | use crate::question::part::question_part::{QuestionPartInput, VariableReplacementStrategyInput};
  |                                            ^^^^^^^^^^^^^^^^^  ^^^^^^^^^^^^^^^^^^^^^^^^^^^^^^^^ no `VariableReplacementStrategyInput` in `question::part::question_part`
  |                                            |
  |                                            no `QuestionPartInput` in `question::part::question_part`
  |
help: a similar name exists in the module
  |
4 | use crate::question::part::question_part::{QuestionPartsInput, VariableReplacementStrategyInput};
  |                                            ^^^^^^^^^^^^^^^^^^
help: a similar name exists in the module
  |
4 | use crate::question::part::question_part::{QuestionPartInput, VariableReplacementStrategy};
  |                                                               ^^^^^^^^^^^^^^^^^^^^^^^^^^^

error[E0432]: unresolved imports `crate::question::part::question_part::QuestionPartInput`, `crate::question::part::question_part::VariableReplacementStrategyInput`
 --> rumbas/src/question/part/jme.rs:4:44
  |
4 | use crate::question::part::question_part::{QuestionPartInput, VariableReplacementStrategyInput};
  |                                            ^^^^^^^^^^^^^^^^^  ^^^^^^^^^^^^^^^^^^^^^^^^^^^^^^^^ no `VariableReplacementStrategyInput` in `question::part::question_part`
  |                                            |
  |                                            no `QuestionPartInput` in `question::part::question_part`
  |
help: a similar name exists in the module
  |
4 | use crate::question::part::question_part::{QuestionPartsInput, VariableReplacementStrategyInput};
  |                                            ^^^^^^^^^^^^^^^^^^
help: a similar name exists in the module
  |
4 | use crate::question::part::question_part::{QuestionPartInput, VariableReplacementStrategy};
  |                                                               ^^^^^^^^^^^^^^^^^^^^^^^^^^^

error[E0432]: unresolved imports `crate::question::part::question_part::QuestionPartInput`, `crate::question::part::question_part::VariableReplacementStrategyInput`
 --> rumbas/src/question/part/matrix.rs:4:44
  |
4 | use crate::question::part::question_part::{QuestionPartInput, VariableReplacementStrategyInput};
  |                                            ^^^^^^^^^^^^^^^^^  ^^^^^^^^^^^^^^^^^^^^^^^^^^^^^^^^ no `VariableReplacementStrategyInput` in `question::part::question_part`
  |                                            |
  |                                            no `QuestionPartInput` in `question::part::question_part`
  |
help: a similar name exists in the module
  |
4 | use crate::question::part::question_part::{QuestionPartsInput, VariableReplacementStrategyInput};
  |                                            ^^^^^^^^^^^^^^^^^^
help: a similar name exists in the module
  |
4 | use crate::question::part::question_part::{QuestionPartInput, VariableReplacementStrategy};
  |                                                               ^^^^^^^^^^^^^^^^^^^^^^^^^^^

error[E0432]: unresolved import `crate::question::part::multiple_choice::MultipleChoiceAnswerDataInput`
 --> rumbas/src/question/part/multiple_choice/choose_multiple.rs:1:5
  |
1 | use crate::question::part::multiple_choice::MultipleChoiceAnswerDataInput;
  |     ^^^^^^^^^^^^^^^^^^^^^^^^^^^^^^^^^^^^^^^^-----------------------------
  |     |                                       |
  |     |                                       help: a similar name exists in the module: `MultipleChoiceAnswersInput`
  |     no `MultipleChoiceAnswerDataInput` in `question::part::multiple_choice`

error[E0432]: unresolved import `crate::question::part::multiple_choice::MultipleChoiceAnswerData`
 --> rumbas/src/question/part/multiple_choice/choose_multiple.rs:3:42
  |
3 |     extract_multiple_choice_answer_data, MultipleChoiceAnswerData,
  |                                          ^^^^^^^^^^^^^^^^^^^^^^^^
  |                                          |
  |                                          no `MultipleChoiceAnswerData` in `question::part::multiple_choice`
  |                                          help: a similar name exists in the module: `MultipleChoiceAnswers`

error[E0432]: unresolved imports `crate::question::part::question_part::QuestionPartInput`, `crate::question::part::question_part::VariableReplacementStrategyInput`
 --> rumbas/src/question/part/multiple_choice/choose_multiple.rs:8:44
  |
8 | use crate::question::part::question_part::{QuestionPartInput, VariableReplacementStrategyInput};
  |                                            ^^^^^^^^^^^^^^^^^  ^^^^^^^^^^^^^^^^^^^^^^^^^^^^^^^^ no `VariableReplacementStrategyInput` in `question::part::question_part`
  |                                            |
  |                                            no `QuestionPartInput` in `question::part::question_part`
  |
help: a similar name exists in the module
  |
8 | use crate::question::part::question_part::{QuestionPartsInput, VariableReplacementStrategyInput};
  |                                            ^^^^^^^^^^^^^^^^^^
help: a similar name exists in the module
  |
8 | use crate::question::part::question_part::{QuestionPartInput, VariableReplacementStrategy};
  |                                                               ^^^^^^^^^^^^^^^^^^^^^^^^^^^

error[E0432]: unresolved import `super::MultipleChoiceAnswerData`
 --> rumbas/src/question/part/multiple_choice/choose_one.rs:1:50
  |
1 | use super::{extract_multiple_choice_answer_data, MultipleChoiceAnswerData};
  |                                                  ^^^^^^^^^^^^^^^^^^^^^^^^
  |                                                  |
  |                                                  no `MultipleChoiceAnswerData` in `question::part::multiple_choice`
  |                                                  help: a similar name exists in the module: `MultipleChoiceAnswers`

error[E0432]: unresolved import `crate::question::part::multiple_choice::MultipleChoiceAnswerDataInput`
 --> rumbas/src/question/part/multiple_choice/choose_one.rs:2:5
  |
2 | use crate::question::part::multiple_choice::MultipleChoiceAnswerDataInput;
  |     ^^^^^^^^^^^^^^^^^^^^^^^^^^^^^^^^^^^^^^^^-----------------------------
  |     |                                       |
  |     |                                       help: a similar name exists in the module: `MultipleChoiceAnswersInput`
  |     no `MultipleChoiceAnswerDataInput` in `question::part::multiple_choice`

error[E0432]: unresolved import `crate::question::part::question_part::VariableReplacementStrategyInput`
 --> rumbas/src/question/part/multiple_choice/choose_one.rs:6:5
  |
6 | use crate::question::part::question_part::VariableReplacementStrategyInput;
  |     ^^^^^^^^^^^^^^^^^^^^^^^^^^^^^^^^^^^^^^--------------------------------
  |     |                                     |
  |     |                                     help: a similar name exists in the module: `VariableReplacementStrategy`
  |     no `VariableReplacementStrategyInput` in `question::part::question_part`

error[E0432]: unresolved import `crate::question::QuestionPartInput`
 --> rumbas/src/question/part/multiple_choice/choose_one.rs:7:5
  |
7 | use crate::question::QuestionPartInput;
  |     ^^^^^^^^^^^^^^^^^-----------------
  |     |                |
  |     |                help: a similar name exists in the module: `QuestionPartsInput`
  |     no `QuestionPartInput` in `question`

error[E0432]: unresolved import `crate::question::part::multiple_choice::choose_multiple::MultipleChoiceWarningTypeInput`
 --> rumbas/src/question/part/multiple_choice/match_answers.rs:1:5
  |
1 | use crate::question::part::multiple_choice::choose_multiple::MultipleChoiceWarningTypeInput;
  |     ^^^^^^^^^^^^^^^^^^^^^^^^^^^^^^^^^^^^^^^^^^^^^^^^^^^^^^^^^------------------------------
  |     |                                                        |
  |     |                                                        help: a similar name exists in the module: `MultipleChoiceWarningType`
  |     no `MultipleChoiceWarningTypeInput` in `question::part::multiple_choice::choose_multiple`

error[E0432]: unresolved import `crate::question::part::question_part::VariableReplacementStrategyInput`
 --> rumbas/src/question/part/multiple_choice/match_answers.rs:5:5
  |
5 | use crate::question::part::question_part::VariableReplacementStrategyInput;
  |     ^^^^^^^^^^^^^^^^^^^^^^^^^^^^^^^^^^^^^^--------------------------------
  |     |                                     |
  |     |                                     help: a similar name exists in the module: `VariableReplacementStrategy`
  |     no `VariableReplacementStrategyInput` in `question::part::question_part`

error[E0432]: unresolved import `crate::question::QuestionPartInput`
 --> rumbas/src/question/part/multiple_choice/match_answers.rs:6:5
  |
6 | use crate::question::QuestionPartInput;
  |     ^^^^^^^^^^^^^^^^^-----------------
  |     |                |
  |     |                help: a similar name exists in the module: `QuestionPartsInput`
  |     no `QuestionPartInput` in `question`

error[E0432]: unresolved import `crate::question::part::question_part::VariableReplacementStrategyInput`
 --> rumbas/src/question/part/number_entry.rs:4:5
  |
4 | use crate::question::part::question_part::VariableReplacementStrategyInput;
  |     ^^^^^^^^^^^^^^^^^^^^^^^^^^^^^^^^^^^^^^--------------------------------
  |     |                                     |
  |     |                                     help: a similar name exists in the module: `VariableReplacementStrategy`
  |     no `VariableReplacementStrategyInput` in `question::part::question_part`

error[E0432]: unresolved import `crate::question::QuestionPartInput`
 --> rumbas/src/question/part/number_entry.rs:5:5
  |
5 | use crate::question::QuestionPartInput;
  |     ^^^^^^^^^^^^^^^^^-----------------
  |     |                |
  |     |                help: a similar name exists in the module: `QuestionPartsInput`
  |     no `QuestionPartInput` in `question`

error[E0432]: unresolved imports `crate::question::part::question_part::QuestionPartInput`, `crate::question::part::question_part::VariableReplacementStrategyInput`
 --> rumbas/src/question/part/pattern_match.rs:3:5
  |
3 |     QuestionPartInput, VariableReplacementStrategy, VariableReplacementStrategyInput,
  |     ^^^^^^^^^^^^^^^^^                               ^^^^^^^^^^^^^^^^^^^^^^^^^^^^^^^^ no `VariableReplacementStrategyInput` in `question::part::question_part`
  |     |
  |     no `QuestionPartInput` in `question::part::question_part`
  |
help: a similar name exists in the module
  |
3 |     QuestionPartsInput, VariableReplacementStrategy, VariableReplacementStrategyInput,
  |     ^^^^^^^^^^^^^^^^^^
help: a similar name exists in the module
  |
3 |     QuestionPartInput, VariableReplacementStrategy, VariableReplacementStrategy,
  |                                                     ^^^^^^^^^^^^^^^^^^^^^^^^^^^

error[E0432]: unresolved import `part::question_part::QuestionPartInput`
  --> rumbas/src/question/mod.rs:34:5
   |
34 | use part::question_part::QuestionPartInput;
   |     ^^^^^^^^^^^^^^^^^^^^^-----------------
   |     |                    |
   |     |                    help: a similar name exists in the module: `QuestionPartsInput`
   |     no `QuestionPartInput` in `question::part::question_part`

error[E0432]: unresolved import `variable::VariableRepresentation`
  --> rumbas/src/question/mod.rs:49:5
   |
49 | use variable::VariableRepresentation;
   |     ^^^^^^^^^^^^^^^^^^^^^^^^^^^^^^^^ no `VariableRepresentation` in `question::variable`

error[E0432]: unresolved import `variable::VariableRepresentationInput`
  --> rumbas/src/question/mod.rs:50:5
   |
50 | use variable::VariableRepresentationInput;
   |     ^^^^^^^^^^^^^^^^^^^^^^^^^^^^^^^^^^^^^ no `VariableRepresentationInput` in `question::variable`

error[E0432]: unresolved import `QuestionFileTypeInput`
   --> rumbas/src/question/mod.rs:177:13
    |
177 |         use QuestionFileTypeInput::*;
    |             ^^^^^^^^^^^^^^^^^^^^^ use of undeclared type `QuestionFileTypeInput`

error[E0432]: unresolved import `crate::question::part::question_part::QuestionPart`
 --> rumbas/src/support/to_rumbas.rs:1:5
  |
1 | use crate::question::part::question_part::QuestionPart;
  |     ^^^^^^^^^^^^^^^^^^^^^^^^^^^^^^^^^^^^^^------------
  |     |                                     |
  |     |                                     help: a similar name exists in the module: `QuestionParts`
  |     no `QuestionPart` in `question::part::question_part`

error[E0432]: unresolved import `crate::exam::navigation::NormalNavigationInput`
 --> rumbas/src/support/default.rs:4:53
  |
4 |     DiagnosticNavigationInput, MenuNavigationInput, NormalNavigationInput,
  |                                                     ^^^^^^^^^^^^^^^^^^^^^
  |                                                     |
  |                                                     no `NormalNavigationInput` in `exam::navigation`
  |                                                     help: a similar name exists in the module: `MenuNavigationInput`

error[E0432]: unresolved import `crate::exam::ExamInput`
  --> rumbas/src/support/default.rs:10:5
   |
10 | use crate::exam::ExamInput;
   |     ^^^^^^^^^^^^^^^^^^^^^^ no `ExamInput` in `exam`

error[E0432]: unresolved imports `crate::question::part::question_part::QuestionPartBuiltinInput`, `crate::question::part::question_part::QuestionPartInput`
  --> rumbas/src/support/default.rs:20:44
   |
20 | use crate::question::part::question_part::{QuestionPartBuiltinInput, QuestionPartInput};
   |                                            ^^^^^^^^^^^^^^^^^^^^^^^^  ^^^^^^^^^^^^^^^^^ no `QuestionPartInput` in `question::part::question_part`
   |                                            |
   |                                            no `QuestionPartBuiltinInput` in `question::part::question_part`
   |
help: a similar name exists in the module
   |
20 | use crate::question::part::question_part::{QuestionPartCustomInput, QuestionPartInput};
   |                                            ^^^^^^^^^^^^^^^^^^^^^^^
help: a similar name exists in the module
   |
20 | use crate::question::part::question_part::{QuestionPartBuiltinInput, QuestionPartsInput};
   |                                                                      ^^^^^^^^^^^^^^^^^^

error[E0433]: failed to resolve: use of undeclared crate or module `impl_rumbas_support`
   --> rumbas/src/exam/feedback.rs:120:1
    |
120 | rumbas_support::impl_optional_overwrite!(FeedbackMessage);
    | ^^^^^^^^^^^^^^^^^^^ use of undeclared crate or module `impl_rumbas_support`

error[E0433]: failed to resolve: use of undeclared crate or module `impl_rumbas_support`
  --> rumbas/src/exam/locale.rs:29:9
   |
29 |           rumbas_support::impl_optional_overwrite!(SupportedLocale);
   |           ^^^^^^^^^^^^^^^^^^^ use of undeclared crate or module `impl_rumbas_support`
...
43 | / create_support_locale! {
44 | |     ArSA => "ar-SA",
45 | |     DeDE => "de-DE",
46 | |     EnGB => "en-GB",
...  |
61 | |     ZhCN => "zg-CN"
62 | | }
   | |_- in this macro invocation
   |
   = note: this error originates in a macro (in Nightly builds, run with -Z macro-backtrace for more info)

error[E0433]: failed to resolve: use of undeclared crate or module `impl_rumbas_support`
   --> rumbas/src/exam/navigation.rs:184:1
    |
184 | rumbas_support::impl_optional_overwrite!(ShowResultsPage);
    | ^^^^^^^^^^^^^^^^^^^ use of undeclared crate or module `impl_rumbas_support`

error[E0433]: failed to resolve: use of undeclared crate or module `impl_rumbas_support`
  --> rumbas/src/question/custom_part_type.rs:41:1
   |
41 | rumbas_support::impl_optional_overwrite!(NCustomPartTypeSetting);
   | ^^^^^^^^^^^^^^^^^^^ use of undeclared crate or module `impl_rumbas_support`

error[E0433]: failed to resolve: use of undeclared crate or module `impl_rumbas_support`
  --> rumbas/src/question/function.rs:27:1
   |
27 | rumbas_support::impl_optional_overwrite!(NumbasFunctionType);
   | ^^^^^^^^^^^^^^^^^^^ use of undeclared crate or module `impl_rumbas_support`

error[E0433]: failed to resolve: use of undeclared crate or module `impl_rumbas_support`
  --> rumbas/src/question/function.rs:28:1
   |
28 | rumbas_support::impl_optional_overwrite! {StringFunctionTypeTuple}
   | ^^^^^^^^^^^^^^^^^^^ use of undeclared crate or module `impl_rumbas_support`

error[E0433]: failed to resolve: use of undeclared crate or module `impl_rumbas_support`
   --> rumbas/src/question/part/question_part.rs:471:1
    |
471 | rumbas_support::impl_optional_overwrite!(VariableReplacementStrategy);
    | ^^^^^^^^^^^^^^^^^^^ use of undeclared crate or module `impl_rumbas_support`

error[E0433]: failed to resolve: use of undeclared crate or module `impl_rumbas_support`
  --> rumbas/src/question/part/multiple_choice/choose_multiple.rs:43:1
   |
43 | rumbas_support::impl_optional_overwrite!(MultipleChoiceWarningType);
   | ^^^^^^^^^^^^^^^^^^^ use of undeclared crate or module `impl_rumbas_support`

error[E0433]: failed to resolve: use of undeclared crate or module `impl_rumbas_support`
  --> rumbas/src/question/part/multiple_choice/match_answers.rs:52:1
   |
52 | rumbas_support::impl_optional_overwrite!(MatchAnswersWithChoicesLayout);
   | ^^^^^^^^^^^^^^^^^^^ use of undeclared crate or module `impl_rumbas_support`

error[E0433]: failed to resolve: use of undeclared crate or module `impl_rumbas_support`
  --> rumbas/src/question/part/multiple_choice/match_answers.rs:55:1
   |
55 | rumbas_support::impl_optional_overwrite!(MatchAnswersWithChoicesDisplayType);
   | ^^^^^^^^^^^^^^^^^^^ use of undeclared crate or module `impl_rumbas_support`

error[E0433]: failed to resolve: use of undeclared crate or module `impl_rumbas_support`
   --> rumbas/src/question/part/multiple_choice/match_answers.rs:235:1
    |
235 | rumbas_support::impl_optional_overwrite!(MatchAnswerWithItemsDisplay);
    | ^^^^^^^^^^^^^^^^^^^ use of undeclared crate or module `impl_rumbas_support`

error[E0433]: failed to resolve: use of undeclared crate or module `impl_rumbas_support`
  --> rumbas/src/question/part/multiple_choice/mod.rs:74:1
   |
74 | rumbas_support::impl_optional_overwrite!(MatrixPrimitive); // TODO: Does this do what it needs to do?
   | ^^^^^^^^^^^^^^^^^^^ use of undeclared crate or module `impl_rumbas_support`

error[E0433]: failed to resolve: use of undeclared crate or module `impl_rumbas_support`
   --> rumbas/src/question/part/multiple_choice/mod.rs:155:1
    |
155 | rumbas_support::impl_optional_overwrite!(MultipleChoiceMatrix);
    | ^^^^^^^^^^^^^^^^^^^ use of undeclared crate or module `impl_rumbas_support`

error[E0433]: failed to resolve: use of undeclared crate or module `impl_rumbas_support`
   --> rumbas/src/question/part/multiple_choice/mod.rs:159:1
    |
159 | rumbas_support::impl_optional_overwrite!(Primitive);
    | ^^^^^^^^^^^^^^^^^^^ use of undeclared crate or module `impl_rumbas_support`

error[E0433]: failed to resolve: use of undeclared crate or module `impl_rumbas_support`
  --> rumbas/src/question/part/number_entry.rs:40:1
   |
40 | rumbas_support::impl_optional_overwrite!(NumbasAnswerStyle);
   | ^^^^^^^^^^^^^^^^^^^ use of undeclared crate or module `impl_rumbas_support`

error[E0433]: failed to resolve: use of undeclared crate or module `impl_rumbas_support`
   --> rumbas/src/question/part/number_entry.rs:189:1
    |
189 | rumbas_support::impl_optional_overwrite!(AnswerStyle);
    | ^^^^^^^^^^^^^^^^^^^ use of undeclared crate or module `impl_rumbas_support`

error[E0433]: failed to resolve: use of undeclared crate or module `impl_rumbas_support`
  --> rumbas/src/question/part/pattern_match.rs:31:1
   |
31 | rumbas_support::impl_optional_overwrite!(PatternMatchMode);
   | ^^^^^^^^^^^^^^^^^^^ use of undeclared crate or module `impl_rumbas_support`

error[E0433]: failed to resolve: use of undeclared crate or module `impl_rumbas_support`
  --> rumbas/src/question/resource.rs:19:1
   |
19 | rumbas_support::impl_optional_overwrite!(ResourcePath);
   | ^^^^^^^^^^^^^^^^^^^ use of undeclared crate or module `impl_rumbas_support`

error[E0433]: failed to resolve: use of undeclared crate or module `impl_rumbas_support`
   --> rumbas/src/question/variable.rs:308:1
    |
308 | rumbas_support::impl_optional_overwrite!(VariableTemplateType);
    | ^^^^^^^^^^^^^^^^^^^ use of undeclared crate or module `impl_rumbas_support`

error[E0433]: failed to resolve: use of undeclared crate or module `impl_rumbas_support`
  --> rumbas/src/support/variable_valued.rs:16:1
   |
16 | rumbas_support::impl_optional_overwrite!(JMEString);
   | ^^^^^^^^^^^^^^^^^^^ use of undeclared crate or module `impl_rumbas_support`

error[E0433]: failed to resolve: use of undeclared crate or module `impl_rumbas_support`
  --> rumbas/src/support/variable_valued.rs:17:1
   |
17 | rumbas_support::impl_optional_overwrite!(EmbracedJMEString);
   | ^^^^^^^^^^^^^^^^^^^ use of undeclared crate or module `impl_rumbas_support`

error[E0433]: failed to resolve: use of undeclared crate or module `impl_rumbas_support`
  --> rumbas/src/support/variable_valued.rs:18:1
   |
18 | rumbas_support::impl_optional_overwrite!(ContentAreaString);
   | ^^^^^^^^^^^^^^^^^^^ use of undeclared crate or module `impl_rumbas_support`

error: cannot find macro `optional_overwrite_enum` in this scope
  --> rumbas/src/exam/navigation.rs:14:1
   |
14 | optional_overwrite_enum! {
   | ^^^^^^^^^^^^^^^^^^^^^^^
   |
   = note: consider importing this macro:
           rumbas_support::optional_overwrite_enum

error: cannot find macro `optional_overwrite_enum` in this scope
  --> rumbas/src/exam/mod.rs:33:1
   |
33 | optional_overwrite_enum! {
   | ^^^^^^^^^^^^^^^^^^^^^^^
   |
   = note: consider importing this macro:
           rumbas_support::optional_overwrite_enum

error: cannot find macro `optional_overwrite_enum` in this scope
   --> rumbas/src/exam/mod.rs:132:1
    |
132 | optional_overwrite_enum! {
    | ^^^^^^^^^^^^^^^^^^^^^^^
    |
    = note: consider importing this macro:
            rumbas_support::optional_overwrite_enum

error: cannot find macro `optional_overwrite_enum` in this scope
   --> rumbas/src/question/custom_part_type.rs:187:1
    |
187 | optional_overwrite_enum! {
    | ^^^^^^^^^^^^^^^^^^^^^^^
    |
    = note: consider importing this macro:
            rumbas_support::optional_overwrite_enum

error: cannot find macro `optional_overwrite_enum` in this scope
  --> rumbas/src/question/function.rs:50:1
   |
50 | optional_overwrite_enum! {
   | ^^^^^^^^^^^^^^^^^^^^^^^
   |
   = note: consider importing this macro:
           rumbas_support::optional_overwrite_enum

error: cannot find macro `optional_overwrite_enum` in this scope
  --> rumbas/src/question/part/question_part.rs:35:1
   |
35 | optional_overwrite_enum! {
   | ^^^^^^^^^^^^^^^^^^^^^^^
   |
   = note: consider importing this macro:
           rumbas_support::optional_overwrite_enum

error: cannot find macro `optional_overwrite_enum` in this scope
  --> rumbas/src/question/part/question_part.rs:81:1
   |
81 | optional_overwrite_enum! {
   | ^^^^^^^^^^^^^^^^^^^^^^^
   |
   = note: consider importing this macro:
           rumbas_support::optional_overwrite_enum

error: cannot find macro `optional_overwrite_enum` in this scope
   --> rumbas/src/question/part/question_part.rs:392:1
    |
392 | optional_overwrite_enum! {
    | ^^^^^^^^^^^^^^^^^^^^^^^
    |
    = note: consider importing this macro:
            rumbas_support::optional_overwrite_enum

error: cannot find macro `optional_overwrite_enum` in this scope
   --> rumbas/src/question/part/jme.rs:488:1
    |
488 | optional_overwrite_enum! {
    | ^^^^^^^^^^^^^^^^^^^^^^^
    |
    = note: consider importing this macro:
            rumbas_support::optional_overwrite_enum

error: cannot find macro `optional_overwrite_enum` in this scope
  --> rumbas/src/question/part/matrix.rs:98:1
   |
98 | optional_overwrite_enum! {
   | ^^^^^^^^^^^^^^^^^^^^^^^
   |
   = note: consider importing this macro:
           rumbas_support::optional_overwrite_enum

error: cannot find macro `optional_overwrite_newtype` in this scope
   --> rumbas/src/question/part/multiple_choice/choose_one.rs:124:1
    |
124 | optional_overwrite_newtype! {
    | ^^^^^^^^^^^^^^^^^^^^^^^^^^
    |
    = note: consider importing this macro:
            rumbas_support::optional_overwrite_newtype

error: cannot find macro `optional_overwrite_newtype` in this scope
   --> rumbas/src/question/part/multiple_choice/choose_one.rs:140:1
    |
140 | optional_overwrite_newtype! {
    | ^^^^^^^^^^^^^^^^^^^^^^^^^^
    |
    = note: consider importing this macro:
            rumbas_support::optional_overwrite_newtype

error: cannot find macro `optional_overwrite_newtype` in this scope
   --> rumbas/src/question/part/multiple_choice/choose_one.rs:163:1
    |
163 | optional_overwrite_newtype! {
    | ^^^^^^^^^^^^^^^^^^^^^^^^^^
    |
    = note: consider importing this macro:
            rumbas_support::optional_overwrite_newtype

error: cannot find macro `optional_overwrite_enum` in this scope
   --> rumbas/src/question/part/multiple_choice/match_answers.rs:270:1
    |
270 | optional_overwrite_enum! {
    | ^^^^^^^^^^^^^^^^^^^^^^^
    |
    = note: consider importing this macro:
            rumbas_support::optional_overwrite_enum

error: cannot find macro `optional_overwrite_enum` in this scope
  --> rumbas/src/question/part/multiple_choice/mod.rs:20:1
   |
20 | optional_overwrite_enum! {
   | ^^^^^^^^^^^^^^^^^^^^^^^
   |
   = note: consider importing this macro:
           rumbas_support::optional_overwrite_enum

error: cannot find macro `optional_overwrite_newtype` in this scope
  --> rumbas/src/question/part/multiple_choice/mod.rs:41:1
   |
41 | optional_overwrite_newtype! {
   | ^^^^^^^^^^^^^^^^^^^^^^^^^^
   |
   = note: consider importing this macro:
           rumbas_support::optional_overwrite_newtype

error: cannot find macro `optional_overwrite_newtype` in this scope
  --> rumbas/src/question/part/multiple_choice/mod.rs:53:1
   |
53 | optional_overwrite_newtype! {
   | ^^^^^^^^^^^^^^^^^^^^^^^^^^
   |
   = note: consider importing this macro:
           rumbas_support::optional_overwrite_newtype

error: cannot find macro `optional_overwrite_enum` in this scope
   --> rumbas/src/question/part/number_entry.rs:103:1
    |
103 | optional_overwrite_enum! {
    | ^^^^^^^^^^^^^^^^^^^^^^^
    |
    = note: consider importing this macro:
            rumbas_support::optional_overwrite_enum

error: cannot find macro `optional_overwrite_enum` in this scope
  --> rumbas/src/question/variable.rs:14:1
   |
14 | optional_overwrite_enum! {
   | ^^^^^^^^^^^^^^^^^^^^^^^
   |
   = note: consider importing this macro:
           rumbas_support::optional_overwrite_enum

error: cannot find macro `optional_overwrite_enum` in this scope
  --> rumbas/src/question/variable.rs:82:1
   |
82 | optional_overwrite_enum! {
   | ^^^^^^^^^^^^^^^^^^^^^^^
   |
   = note: consider importing this macro:
           rumbas_support::optional_overwrite_enum

error: cannot find macro `optional_overwrite_enum` in this scope
   --> rumbas/src/question/mod.rs:212:1
    |
212 | optional_overwrite_enum! {
    | ^^^^^^^^^^^^^^^^^^^^^^^
    |
    = note: consider importing this macro:
            rumbas_support::optional_overwrite_enum

error[E0433]: failed to resolve: use of undeclared type `SupportedLocaleInput`
  --> rumbas/src/exam/locale.rs:8:1
   |
8  | / rumbas_support::optional_overwrite! {
9  | |     pub struct Locale {
10 | |         name: RumbasString, //TODO: document names best used for shareability?
11 | |         /// The locale to use in the Numbas interface
12 | |         numbas_locale: SupportedLocale
13 | |     }
14 | | }
   | |_^ use of undeclared type `SupportedLocaleInput`
   |
   = note: this error originates in a macro (in Nightly builds, run with -Z macro-backtrace for more info)

error[E0433]: failed to resolve: use of undeclared type `NormalNavigation`
  --> rumbas/src/exam/navigation.rs:41:13
   |
41 |             NormalNavigation::Menu(n) => n.to_numbas(locale),
   |             ^^^^^^^^^^^^^^^^ use of undeclared type `NormalNavigation`

error[E0433]: failed to resolve: use of undeclared type `NormalNavigation`
  --> rumbas/src/exam/navigation.rs:42:13
   |
42 |             NormalNavigation::Sequential(n) => n.to_numbas(locale),
   |             ^^^^^^^^^^^^^^^^ use of undeclared type `NormalNavigation`

error[E0433]: failed to resolve: use of undeclared type `NormalNavigation`
  --> rumbas/src/exam/navigation.rs:51:17
   |
51 |                 NormalNavigation::Sequential(SequentialNavigation {
   |                 ^^^^^^^^^^^^^^^^ use of undeclared type `NormalNavigation`

error[E0433]: failed to resolve: use of undeclared type `NormalNavigation`
  --> rumbas/src/exam/navigation.rs:60:17
   |
60 |                 NormalNavigation::Menu(MenuNavigation {
   |                 ^^^^^^^^^^^^^^^^ use of undeclared type `NormalNavigation`

error[E0433]: failed to resolve: use of undeclared type `NormalNavigation`
  --> rumbas/src/exam/navigation.rs:77:13
   |
77 |             NormalNavigation::Menu(m) => m.shared_data.clone(),
   |             ^^^^^^^^^^^^^^^^ use of undeclared type `NormalNavigation`

error[E0433]: failed to resolve: use of undeclared type `NormalNavigation`
  --> rumbas/src/exam/navigation.rs:78:13
   |
78 |             NormalNavigation::Sequential(m) => m.shared_data.clone(),
   |             ^^^^^^^^^^^^^^^^ use of undeclared type `NormalNavigation`

error[E0433]: failed to resolve: use of undeclared type `ShowResultsPageInput`
  --> rumbas/src/exam/navigation.rs:83:1
   |
83 | / rumbas_support::optional_overwrite! {
84 | |     pub struct SequentialNavigation {
85 | |         /// (flattened field) The data shared between all types of navigation
86 | |         #[serde(flatten)]
...  |
98 | |     }
99 | | }
   | |_^ use of undeclared type `ShowResultsPageInput`
   |
   = note: this error originates in a macro (in Nightly builds, run with -Z macro-backtrace for more info)

error[E0433]: failed to resolve: use of undeclared type `Exam`
  --> rumbas/src/exam/mod.rs:45:13
   |
45 |             Exam::Normal(n) => n.to_numbas(locale),
   |             ^^^^ use of undeclared type `Exam`

error[E0433]: failed to resolve: use of undeclared type `Exam`
  --> rumbas/src/exam/mod.rs:46:13
   |
46 |             Exam::Diagnostic(n) => n.to_numbas(locale),
   |             ^^^^ use of undeclared type `Exam`

error[E0433]: failed to resolve: use of undeclared type `Exam`
  --> rumbas/src/exam/mod.rs:54:13
   |
54 |             Exam::Normal(n) => n.locales.clone(),
   |             ^^^^ use of undeclared type `Exam`

error[E0433]: failed to resolve: use of undeclared type `Exam`
  --> rumbas/src/exam/mod.rs:55:13
   |
55 |             Exam::Diagnostic(n) => n.locales.clone(),
   |             ^^^^ use of undeclared type `Exam`

error[E0433]: failed to resolve: use of undeclared type `Exam`
  --> rumbas/src/exam/mod.rs:61:13
   |
61 |             Exam::Normal(n) => n.numbas_settings.clone(),
   |             ^^^^ use of undeclared type `Exam`

error[E0433]: failed to resolve: use of undeclared type `Exam`
  --> rumbas/src/exam/mod.rs:62:13
   |
62 |             Exam::Diagnostic(n) => n.numbas_settings.clone(),
   |             ^^^^ use of undeclared type `Exam`

error[E0433]: failed to resolve: use of undeclared type `ExamInput`
   --> rumbas/src/exam/mod.rs:101:33
    |
101 |                 Normal(e) => Ok(ExamInput::Normal(e)),
    |                                 ^^^^^^^^^ use of undeclared type `ExamInput`

error[E0433]: failed to resolve: use of undeclared type `ExamInput`
   --> rumbas/src/exam/mod.rs:102:37
    |
102 |                 Diagnostic(e) => Ok(ExamInput::Diagnostic(e)),
    |                                     ^^^^^^^^^ use of undeclared type `ExamInput`

error[E0433]: failed to resolve: use of undeclared type `ExamFileTypeInput`
   --> rumbas/src/exam/mod.rs:150:9
    |
150 |         ExamFileTypeInput::from_normal(self.to_owned()).to_yaml()
    |         ^^^^^^^^^^^^^^^^^ use of undeclared type `ExamFileTypeInput`

error[E0433]: failed to resolve: use of undeclared type `ExamFileType`
   --> rumbas/src/exam/mod.rs:168:33
    |
168 |             (exam.name.clone(), ExamFileType::Diagnostic(exam), qgs, cpts)
    |                                 ^^^^^^^^^^^^ use of undeclared type `ExamFileType`

error[E0433]: failed to resolve: use of undeclared type `ExamFileType`
   --> rumbas/src/exam/mod.rs:172:33
    |
172 |             (exam.name.clone(), ExamFileType::Normal(exam), qgs, cpts)
    |                                 ^^^^^^^^^^^^ use of undeclared type `ExamFileType`

error[E0433]: failed to resolve: use of undeclared type `CustomPartInputWidgetInput`
  --> rumbas/src/question/custom_part_type.rs:23:1
   |
23 | / rumbas_support::optional_overwrite! {
24 | |     pub struct CustomPartTypeDefinition {
25 | |         type_name: TranslatableString,
26 | |         description: TranslatableString,
...  |
36 | |     }
37 | | }
   | |_^ use of undeclared type `CustomPartInputWidgetInput`
   |
   = note: this error originates in a macro (in Nightly builds, run with -Z macro-backtrace for more info)

error[E0433]: failed to resolve: use of undeclared type `CustomPartInputWidget`
   --> rumbas/src/question/custom_part_type.rs:206:13
    |
206 |             CustomPartInputWidget::String(s) => {
    |             ^^^^^^^^^^^^^^^^^^^^^ use of undeclared type `CustomPartInputWidget`

error[E0433]: failed to resolve: use of undeclared type `CustomPartInputWidget`
   --> rumbas/src/question/custom_part_type.rs:211:13
    |
211 |             CustomPartInputWidget::Number(s) => {
    |             ^^^^^^^^^^^^^^^^^^^^^ use of undeclared type `CustomPartInputWidget`

error[E0433]: failed to resolve: use of undeclared type `CustomPartInputWidget`
   --> rumbas/src/question/custom_part_type.rs:216:13
    |
216 |             CustomPartInputWidget::RadioGroup(s) => {
    |             ^^^^^^^^^^^^^^^^^^^^^ use of undeclared type `CustomPartInputWidget`

error[E0433]: failed to resolve: use of undeclared type `NumbasFunctionTypeInput`
  --> rumbas/src/question/function.rs:19:1
   |
19 | / rumbas_support::optional_overwrite! {
20 | |     pub struct Function {
21 | |         parameters: StringFunctionTypeTuples,
22 | |         output_type: NumbasFunctionType,
...  |
25 | |     }
26 | | }
   | |_^ use of undeclared type `NumbasFunctionTypeInput`
   |
   = note: this error originates in a macro (in Nightly builds, run with -Z macro-backtrace for more info)

error[E0433]: failed to resolve: use of undeclared type `FunctionDefinitionInput`
  --> rumbas/src/question/function.rs:19:1
   |
19 | / rumbas_support::optional_overwrite! {
20 | |     pub struct Function {
21 | |         parameters: StringFunctionTypeTuples,
22 | |         output_type: NumbasFunctionType,
...  |
25 | |     }
26 | | }
   | |_^ use of undeclared type `FunctionDefinitionInput`
   |
   = note: this error originates in a macro (in Nightly builds, run with -Z macro-backtrace for more info)

error[E0433]: failed to resolve: use of undeclared type `FunctionDefinition`
  --> rumbas/src/question/function.rs:63:13
   |
63 |             FunctionDefinition::JME(c) => numbas::question::function::FunctionDefinition::JME {
   |             ^^^^^^^^^^^^^^^^^^ use of undeclared type `FunctionDefinition`

error[E0433]: failed to resolve: use of undeclared type `FunctionDefinition`
  --> rumbas/src/question/function.rs:66:13
   |
66 |             FunctionDefinition::Javascript(c) => {
   |             ^^^^^^^^^^^^^^^^^^ use of undeclared type `FunctionDefinition`

error[E0433]: failed to resolve: use of undeclared type `QuestionPart`
  --> rumbas/src/question/part/question_part.rs:49:13
   |
49 |             QuestionPart::Builtin(b) => {
   |             ^^^^^^^^^^^^ use of undeclared type `QuestionPart`

error[E0433]: failed to resolve: use of undeclared type `QuestionPart`
  --> rumbas/src/question/part/question_part.rs:52:13
   |
52 |             QuestionPart::Custom(b) => {
   |             ^^^^^^^^^^^^ use of undeclared type `QuestionPart`

error[E0433]: failed to resolve: use of undeclared type `QuestionPartInput`
  --> rumbas/src/question/part/question_part.rs:75:13
   |
75 |             QuestionPartInput::Builtin(b) => b.get_steps(),
   |             ^^^^^^^^^^^^^^^^^ use of undeclared type `QuestionPartInput`

error[E0433]: failed to resolve: use of undeclared type `QuestionPartInput`
  --> rumbas/src/question/part/question_part.rs:76:13
   |
76 |             QuestionPartInput::Custom(b) => b.get_steps(),
   |             ^^^^^^^^^^^^^^^^^ use of undeclared type `QuestionPartInput`

error[E0433]: failed to resolve: use of undeclared type `QuestionPartBuiltin`
   --> rumbas/src/question/part/question_part.rs:110:13
    |
110 |             QuestionPartBuiltin::JME(d) => {
    |             ^^^^^^^^^^^^^^^^^^^ use of undeclared type `QuestionPartBuiltin`

error[E0433]: failed to resolve: use of undeclared type `QuestionPartBuiltin`
   --> rumbas/src/question/part/question_part.rs:113:13
    |
113 |             QuestionPartBuiltin::GapFill(d) => {
    |             ^^^^^^^^^^^^^^^^^^^ use of undeclared type `QuestionPartBuiltin`

error[E0433]: failed to resolve: use of undeclared type `QuestionPartBuiltin`
   --> rumbas/src/question/part/question_part.rs:116:13
    |
116 |             QuestionPartBuiltin::ChooseOne(d) => {
    |             ^^^^^^^^^^^^^^^^^^^ use of undeclared type `QuestionPartBuiltin`

error[E0433]: failed to resolve: use of undeclared type `QuestionPartBuiltin`
   --> rumbas/src/question/part/question_part.rs:119:13
    |
119 |             QuestionPartBuiltin::ChooseMultiple(d) => {
    |             ^^^^^^^^^^^^^^^^^^^ use of undeclared type `QuestionPartBuiltin`

error[E0433]: failed to resolve: use of undeclared type `QuestionPartBuiltin`
   --> rumbas/src/question/part/question_part.rs:122:13
    |
122 |             QuestionPartBuiltin::MatchAnswersWithItems(d) => {
    |             ^^^^^^^^^^^^^^^^^^^ use of undeclared type `QuestionPartBuiltin`

error[E0433]: failed to resolve: use of undeclared type `QuestionPartBuiltin`
   --> rumbas/src/question/part/question_part.rs:127:13
    |
127 |             QuestionPartBuiltin::NumberEntry(d) => {
    |             ^^^^^^^^^^^^^^^^^^^ use of undeclared type `QuestionPartBuiltin`

error[E0433]: failed to resolve: use of undeclared type `QuestionPartBuiltin`
   --> rumbas/src/question/part/question_part.rs:130:13
    |
130 |             QuestionPartBuiltin::PatternMatch(d) => {
    |             ^^^^^^^^^^^^^^^^^^^ use of undeclared type `QuestionPartBuiltin`

error[E0433]: failed to resolve: use of undeclared type `QuestionPartBuiltin`
   --> rumbas/src/question/part/question_part.rs:133:13
    |
133 |             QuestionPartBuiltin::Information(d) => {
    |             ^^^^^^^^^^^^^^^^^^^ use of undeclared type `QuestionPartBuiltin`

error[E0433]: failed to resolve: use of undeclared type `QuestionPartBuiltin`
   --> rumbas/src/question/part/question_part.rs:136:13
    |
136 |             QuestionPartBuiltin::Extension(d) => {
    |             ^^^^^^^^^^^^^^^^^^^ use of undeclared type `QuestionPartBuiltin`

error[E0433]: failed to resolve: use of undeclared type `QuestionPartBuiltin`
   --> rumbas/src/question/part/question_part.rs:139:13
    |
139 |             QuestionPartBuiltin::Matrix(d) => {
    |             ^^^^^^^^^^^^^^^^^^^ use of undeclared type `QuestionPartBuiltin`

error[E0433]: failed to resolve: use of undeclared type `QuestionPartBuiltinInput`
   --> rumbas/src/question/part/question_part.rs:186:13
    |
186 |             QuestionPartBuiltinInput::JME(d) => d.get_steps(),
    |             ^^^^^^^^^^^^^^^^^^^^^^^^ use of undeclared type `QuestionPartBuiltinInput`

error[E0433]: failed to resolve: use of undeclared type `QuestionPartBuiltinInput`
   --> rumbas/src/question/part/question_part.rs:187:13
    |
187 |             QuestionPartBuiltinInput::GapFill(d) => d.get_steps(),
    |             ^^^^^^^^^^^^^^^^^^^^^^^^ use of undeclared type `QuestionPartBuiltinInput`

error[E0433]: failed to resolve: use of undeclared type `QuestionPartBuiltinInput`
   --> rumbas/src/question/part/question_part.rs:188:13
    |
188 |             QuestionPartBuiltinInput::ChooseOne(d) => d.get_steps(),
    |             ^^^^^^^^^^^^^^^^^^^^^^^^ use of undeclared type `QuestionPartBuiltinInput`

error[E0433]: failed to resolve: use of undeclared type `QuestionPartBuiltinInput`
   --> rumbas/src/question/part/question_part.rs:189:13
    |
189 |             QuestionPartBuiltinInput::ChooseMultiple(d) => d.get_steps(),
    |             ^^^^^^^^^^^^^^^^^^^^^^^^ use of undeclared type `QuestionPartBuiltinInput`

error[E0433]: failed to resolve: use of undeclared type `QuestionPartBuiltinInput`
   --> rumbas/src/question/part/question_part.rs:190:13
    |
190 |             QuestionPartBuiltinInput::MatchAnswersWithItems(d) => d.get_steps(),
    |             ^^^^^^^^^^^^^^^^^^^^^^^^ use of undeclared type `QuestionPartBuiltinInput`

error[E0433]: failed to resolve: use of undeclared type `QuestionPartBuiltinInput`
   --> rumbas/src/question/part/question_part.rs:191:13
    |
191 |             QuestionPartBuiltinInput::NumberEntry(d) => d.get_steps(),
    |             ^^^^^^^^^^^^^^^^^^^^^^^^ use of undeclared type `QuestionPartBuiltinInput`

error[E0433]: failed to resolve: use of undeclared type `QuestionPartBuiltinInput`
   --> rumbas/src/question/part/question_part.rs:192:13
    |
192 |             QuestionPartBuiltinInput::PatternMatch(d) => d.get_steps(),
    |             ^^^^^^^^^^^^^^^^^^^^^^^^ use of undeclared type `QuestionPartBuiltinInput`

error[E0433]: failed to resolve: use of undeclared type `QuestionPartBuiltinInput`
   --> rumbas/src/question/part/question_part.rs:193:13
    |
193 |             QuestionPartBuiltinInput::Information(d) => d.get_steps(),
    |             ^^^^^^^^^^^^^^^^^^^^^^^^ use of undeclared type `QuestionPartBuiltinInput`

error[E0433]: failed to resolve: use of undeclared type `QuestionPartBuiltinInput`
   --> rumbas/src/question/part/question_part.rs:194:13
    |
194 |             QuestionPartBuiltinInput::Extension(d) => d.get_steps(),
    |             ^^^^^^^^^^^^^^^^^^^^^^^^ use of undeclared type `QuestionPartBuiltinInput`

error[E0433]: failed to resolve: use of undeclared type `QuestionPartBuiltinInput`
   --> rumbas/src/question/part/question_part.rs:195:13
    |
195 |             QuestionPartBuiltinInput::Matrix(d) => d.get_steps(),
    |             ^^^^^^^^^^^^^^^^^^^^^^^^ use of undeclared type `QuestionPartBuiltinInput`

error[E0433]: failed to resolve: use of undeclared type `PrimitiveInput`
   --> rumbas/src/question/part/question_part.rs:380:1
    |
380 | / question_part_type! {
381 | |     pub struct QuestionPartCustom {
382 | |         r#type: RumbasString,
383 | |         settings: MapStringToCustomPartInputTypeValue
384 | |     }
385 | | }
    | |_^ use of undeclared type `PrimitiveInput`
    |
    = note: this error originates in a macro (in Nightly builds, run with -Z macro-backtrace for more info)

error[E0433]: failed to resolve: use of undeclared type `VariableReplacementStrategyInput`
   --> rumbas/src/question/part/question_part.rs:380:1
    |
380 | / question_part_type! {
381 | |     pub struct QuestionPartCustom {
382 | |         r#type: RumbasString,
383 | |         settings: MapStringToCustomPartInputTypeValue
384 | |     }
385 | | }
    | |_^ use of undeclared type `VariableReplacementStrategyInput`
    |
    = note: this error originates in a macro (in Nightly builds, run with -Z macro-backtrace for more info)

error[E0433]: failed to resolve: use of undeclared type `CustomPartInputTypeValue`
   --> rumbas/src/question/part/question_part.rs:403:13
    |
403 |             CustomPartInputTypeValue::CheckBox(v) => {
    |             ^^^^^^^^^^^^^^^^^^^^^^^^ use of undeclared type `CustomPartInputTypeValue`

error[E0433]: failed to resolve: use of undeclared type `CustomPartInputTypeValue`
   --> rumbas/src/question/part/question_part.rs:406:13
    |
406 |             CustomPartInputTypeValue::Code(v) => {
    |             ^^^^^^^^^^^^^^^^^^^^^^^^ use of undeclared type `CustomPartInputTypeValue`

error[E0433]: failed to resolve: use of undeclared type `PrimitiveInput`
  --> rumbas/src/question/part/extension.rs:18:1
   |
18 | / question_part_type! {
19 | |     pub struct QuestionPartExtension {}
20 | | }
   | |_^ use of undeclared type `PrimitiveInput`
   |
   = note: this error originates in a macro (in Nightly builds, run with -Z macro-backtrace for more info)

error[E0433]: failed to resolve: use of undeclared type `PrimitiveInput`
  --> rumbas/src/question/part/gapfill.rs:19:1
   |
19 | / question_part_type! {
20 | |     // The Gap fill question part type
21 | |     pub struct QuestionPartGapFill {
22 | |         /// Whether the answers should be sorted
...  |
26 | |     }
27 | | }
   | |_^ use of undeclared type `PrimitiveInput`
   |
   = note: this error originates in a macro (in Nightly builds, run with -Z macro-backtrace for more info)

error[E0433]: failed to resolve: use of undeclared type `PrimitiveInput`
  --> rumbas/src/question/part/information.rs:18:1
   |
18 | / question_part_type! {
19 | |     pub struct QuestionPartInformation {}
20 | | }
   | |_^ use of undeclared type `PrimitiveInput`
   |
   = note: this error originates in a macro (in Nightly builds, run with -Z macro-backtrace for more info)

error[E0433]: failed to resolve: use of undeclared type `PrimitiveInput`
  --> rumbas/src/question/part/jme.rs:28:1
   |
28 | / question_part_type! {
29 | |     pub struct QuestionPartJME {
30 | |         answer: EmbracedJMETranslatableString, //TODO: should this be translatable?
31 | |         answer_simplification: JMEAnswerSimplification,
...  |
47 | |     }
48 | | }
   | |_^ use of undeclared type `PrimitiveInput`
   |
   = note: this error originates in a macro (in Nightly builds, run with -Z macro-backtrace for more info)

error[E0433]: failed to resolve: use of undeclared type `CheckingTypeInput`
  --> rumbas/src/question/part/jme.rs:28:1
   |
28 | / question_part_type! {
29 | |     pub struct QuestionPartJME {
30 | |         answer: EmbracedJMETranslatableString, //TODO: should this be translatable?
31 | |         answer_simplification: JMEAnswerSimplification,
...  |
47 | |     }
48 | | }
   | |_^ use of undeclared type `CheckingTypeInput`
   |
   = note: this error originates in a macro (in Nightly builds, run with -Z macro-backtrace for more info)

error[E0433]: failed to resolve: use of undeclared type `CheckingType`
   --> rumbas/src/question/part/jme.rs:502:13
    |
502 |             CheckingType::RelativeDifference(f) => {
    |             ^^^^^^^^^^^^ use of undeclared type `CheckingType`

error[E0433]: failed to resolve: use of undeclared type `CheckingType`
   --> rumbas/src/question/part/jme.rs:507:13
    |
507 |             CheckingType::AbsoluteDifference(f) => {
    |             ^^^^^^^^^^^^ use of undeclared type `CheckingType`

error[E0433]: failed to resolve: use of undeclared type `CheckingType`
   --> rumbas/src/question/part/jme.rs:512:13
    |
512 |             CheckingType::DecimalPlaces(f) => {
    |             ^^^^^^^^^^^^ use of undeclared type `CheckingType`

error[E0433]: failed to resolve: use of undeclared type `CheckingType`
   --> rumbas/src/question/part/jme.rs:515:13
    |
515 |             CheckingType::SignificantFigures(f) => {
    |             ^^^^^^^^^^^^ use of undeclared type `CheckingType`

error[E0433]: failed to resolve: use of undeclared type `PrimitiveInput`
  --> rumbas/src/question/part/matrix.rs:20:1
   |
20 | / question_part_type! {
21 | |     pub struct QuestionPartMatrix {
22 | |         correct_answer: Primitive,
23 | |         dimensions: QuestionPartMatrixDimensions,
...  |
33 | |     }
34 | | }
   | |_^ use of undeclared type `PrimitiveInput`
   |
   = note: this error originates in a macro (in Nightly builds, run with -Z macro-backtrace for more info)

error[E0433]: failed to resolve: use of undeclared type `QuestionPartMatrixDimension`
  --> rumbas/src/question/part/matrix.rs:61:20
   |
61 |         let rows = QuestionPartMatrixDimension::from_range(
   |                    ^^^^^^^^^^^^^^^^^^^^^^^^^^^ use of undeclared type `QuestionPartMatrixDimension`

error[E0433]: failed to resolve: use of undeclared type `QuestionPartMatrixDimension`
  --> rumbas/src/question/part/matrix.rs:66:23
   |
66 |         let columns = QuestionPartMatrixDimension::from_range(
   |                       ^^^^^^^^^^^^^^^^^^^^^^^^^^^ use of undeclared type `QuestionPartMatrixDimension`

error[E0433]: failed to resolve: use of undeclared type `QuestionPartMatrixDimensionInput`
  --> rumbas/src/question/part/matrix.rs:85:1
   |
85 | / rumbas_support::optional_overwrite! {
86 | |     pub struct QuestionPartMatrixDimensions {
87 | |         rows: QuestionPartMatrixDimension,
88 | |         columns: QuestionPartMatrixDimension
89 | |     }
90 | | }
   | |_^ use of undeclared type `QuestionPartMatrixDimensionInput`
   |
   = note: this error originates in a macro (in Nightly builds, run with -Z macro-backtrace for more info)

error[E0433]: failed to resolve: use of undeclared type `QuestionPartMatrixDimension`
   --> rumbas/src/question/part/matrix.rs:111:13
    |
111 |             QuestionPartMatrixDimension::Fixed(f) => f.clone(),
    |             ^^^^^^^^^^^^^^^^^^^^^^^^^^^ use of undeclared type `QuestionPartMatrixDimension`

error[E0433]: failed to resolve: use of undeclared type `QuestionPartMatrixDimension`
   --> rumbas/src/question/part/matrix.rs:112:13
    |
112 |             QuestionPartMatrixDimension::Resizable(r) => r.default.clone(),
    |             ^^^^^^^^^^^^^^^^^^^^^^^^^^^ use of undeclared type `QuestionPartMatrixDimension`

error[E0433]: failed to resolve: use of undeclared type `QuestionPartMatrixDimension`
   --> rumbas/src/question/part/matrix.rs:117:13
    |
117 |             QuestionPartMatrixDimension::Fixed(f) => f.clone(),
    |             ^^^^^^^^^^^^^^^^^^^^^^^^^^^ use of undeclared type `QuestionPartMatrixDimension`

error[E0433]: failed to resolve: use of undeclared type `QuestionPartMatrixDimension`
   --> rumbas/src/question/part/matrix.rs:118:13
    |
118 |             QuestionPartMatrixDimension::Resizable(r) => r.min.clone(),
    |             ^^^^^^^^^^^^^^^^^^^^^^^^^^^ use of undeclared type `QuestionPartMatrixDimension`

error[E0433]: failed to resolve: use of undeclared type `QuestionPartMatrixDimension`
   --> rumbas/src/question/part/matrix.rs:123:13
    |
123 |             QuestionPartMatrixDimension::Fixed(f) => f.clone(),
    |             ^^^^^^^^^^^^^^^^^^^^^^^^^^^ use of undeclared type `QuestionPartMatrixDimension`

error[E0433]: failed to resolve: use of undeclared type `QuestionPartMatrixDimension`
   --> rumbas/src/question/part/matrix.rs:124:13
    |
124 |             QuestionPartMatrixDimension::Resizable(r) => match &r.max {
    |             ^^^^^^^^^^^^^^^^^^^^^^^^^^^ use of undeclared type `QuestionPartMatrixDimension`

error[E0433]: failed to resolve: use of undeclared type `VariableValuedNaturalInput`
   --> rumbas/src/question/part/matrix.rs:154:1
    |
154 | / rumbas_support::optional_overwrite! {
155 | |     pub struct QuestionPartMatrixRangedDimension {
156 | |         /// The default size
157 | |         default: VariableValuedNatural,
...   |
162 | |     }
163 | | }
    | |_^ use of undeclared type `VariableValuedNaturalInput`
    |
    = note: this error originates in a macro (in Nightly builds, run with -Z macro-backtrace for more info)

error[E0433]: failed to resolve: use of undeclared type `NoneableVariableValuedNaturalInput`
   --> rumbas/src/question/part/matrix.rs:154:1
    |
154 | / rumbas_support::optional_overwrite! {
155 | |     pub struct QuestionPartMatrixRangedDimension {
156 | |         /// The default size
157 | |         default: VariableValuedNatural,
...   |
162 | |     }
163 | | }
    | |_^ use of undeclared type `NoneableVariableValuedNaturalInput`
    |
    = note: this error originates in a macro (in Nightly builds, run with -Z macro-backtrace for more info)

error[E0433]: failed to resolve: use of undeclared type `PrimitiveInput`
  --> rumbas/src/question/part/multiple_choice/choose_multiple.rs:26:1
   |
26 | / question_part_type! {
27 | |     pub struct QuestionPartChooseMultiple {
28 | |         /// Old name was `answers`
29 | |         #[serde(alias = "answers")]
...  |
40 | |     }
41 | | }
   | |_^ use of undeclared type `PrimitiveInput`
   |
   = note: this error originates in a macro (in Nightly builds, run with -Z macro-backtrace for more info)

error[E0433]: failed to resolve: use of undeclared type `MultipleChoiceWarningTypeInput`
  --> rumbas/src/question/part/multiple_choice/choose_multiple.rs:26:1
   |
26 | / question_part_type! {
27 | |     pub struct QuestionPartChooseMultiple {
28 | |         /// Old name was `answers`
29 | |         #[serde(alias = "answers")]
...  |
40 | |     }
41 | | }
   | |_^ use of undeclared type `MultipleChoiceWarningTypeInput`
   |
   = note: this error originates in a macro (in Nightly builds, run with -Z macro-backtrace for more info)

error[E0433]: failed to resolve: use of undeclared type `PrimitiveInput`
  --> rumbas/src/question/part/multiple_choice/choose_one.rs:27:1
   |
27 | / question_part_type! {
28 | |     pub struct QuestionPartChooseOne {
29 | |         /// Old name was `answers`
30 | |         #[serde(alias = "answers")]
...  |
40 | |     }
41 | | }
   | |_^ use of undeclared type `PrimitiveInput`
   |
   = note: this error originates in a macro (in Nightly builds, run with -Z macro-backtrace for more info)

error[E0433]: failed to resolve: use of undeclared type `PrimitiveInput`
  --> rumbas/src/question/part/multiple_choice/match_answers.rs:28:1
   |
28 | / question_part_type! {
29 | |     pub struct QuestionPartMatchAnswersWithItems {
30 | |         /// Old name was `answers`
31 | |         #[serde(alias = "answers")]
...  |
47 | |     }
48 | | }
   | |_^ use of undeclared type `PrimitiveInput`
   |
   = note: this error originates in a macro (in Nightly builds, run with -Z macro-backtrace for more info)

error[E0433]: failed to resolve: use of undeclared type `MultipleChoiceMatchAnswerDataInput`
  --> rumbas/src/question/part/multiple_choice/match_answers.rs:28:1
   |
28 | / question_part_type! {
29 | |     pub struct QuestionPartMatchAnswersWithItems {
30 | |         /// Old name was `answers`
31 | |         #[serde(alias = "answers")]
...  |
47 | |     }
48 | | }
   | |_^ use of undeclared type `MultipleChoiceMatchAnswerDataInput`
   |
   = note: this error originates in a macro (in Nightly builds, run with -Z macro-backtrace for more info)

error[E0433]: failed to resolve: use of undeclared type `MatchAnswerWithItemsDisplayInput`
  --> rumbas/src/question/part/multiple_choice/match_answers.rs:28:1
   |
28 | / question_part_type! {
29 | |     pub struct QuestionPartMatchAnswersWithItems {
30 | |         /// Old name was `answers`
31 | |         #[serde(alias = "answers")]
...  |
47 | |     }
48 | | }
   | |_^ use of undeclared type `MatchAnswerWithItemsDisplayInput`
   |
   = note: this error originates in a macro (in Nightly builds, run with -Z macro-backtrace for more info)

error[E0433]: failed to resolve: use of undeclared type `MatchAnswersWithChoicesLayoutInput`
  --> rumbas/src/question/part/multiple_choice/match_answers.rs:28:1
   |
28 | / question_part_type! {
29 | |     pub struct QuestionPartMatchAnswersWithItems {
30 | |         /// Old name was `answers`
31 | |         #[serde(alias = "answers")]
...  |
47 | |     }
48 | | }
   | |_^ use of undeclared type `MatchAnswersWithChoicesLayoutInput`
   |
   = note: this error originates in a macro (in Nightly builds, run with -Z macro-backtrace for more info)

error[E0433]: failed to resolve: use of undeclared type `MultipleChoiceMatchAnswerData`
  --> rumbas/src/question/part/multiple_choice/match_answers.rs:72:13
   |
72 |             MultipleChoiceMatchAnswerData::ItemBased(data) => (
   |             ^^^^^^^^^^^^^^^^^^^^^^^^^^^^^ use of undeclared type `MultipleChoiceMatchAnswerData`

error[E0433]: failed to resolve: use of undeclared type `MultipleChoiceMatchAnswerData`
   --> rumbas/src/question/part/multiple_choice/match_answers.rs:103:13
    |
103 |             MultipleChoiceMatchAnswerData::NumbasLike(data) => (
    |             ^^^^^^^^^^^^^^^^^^^^^^^^^^^^^ use of undeclared type `MultipleChoiceMatchAnswerData`

error[E0433]: failed to resolve: use of undeclared type `MultipleChoiceMatchAnswerData`
   --> rumbas/src/question/part/multiple_choice/match_answers.rs:173:13
    |
173 |             MultipleChoiceMatchAnswerData::ItemBased({
    |             ^^^^^^^^^^^^^^^^^^^^^^^^^^^^^ use of undeclared type `MultipleChoiceMatchAnswerData`

error[E0433]: failed to resolve: use of undeclared type `MultipleChoiceMatchAnswerData`
   --> rumbas/src/question/part/multiple_choice/match_answers.rs:197:13
    |
197 |             MultipleChoiceMatchAnswerData::NumbasLike(MultipleChoiceMatchAnswerDataNumbasLike {
    |             ^^^^^^^^^^^^^^^^^^^^^^^^^^^^^ use of undeclared type `MultipleChoiceMatchAnswerData`

error[E0433]: failed to resolve: use of undeclared type `VariableValuedTranslatableStringsInput`
   --> rumbas/src/question/part/multiple_choice/match_answers.rs:280:1
    |
280 | / rumbas_support::optional_overwrite! {
281 | |     pub struct MultipleChoiceMatchAnswerDataNumbasLike {
282 | |         answers: VariableValuedTranslatableStrings,
283 | |         choices: VariableValuedTranslatableStrings,
284 | |         marks: VariableValuedPrimitivess
285 | |     }
286 | | }
    | |_^ use of undeclared type `VariableValuedTranslatableStringsInput`
    |
    = note: this error originates in a macro (in Nightly builds, run with -Z macro-backtrace for more info)

error[E0433]: failed to resolve: use of undeclared type `VariableValuedPrimitivessInput`
   --> rumbas/src/question/part/multiple_choice/match_answers.rs:280:1
    |
280 | / rumbas_support::optional_overwrite! {
281 | |     pub struct MultipleChoiceMatchAnswerDataNumbasLike {
282 | |         answers: VariableValuedTranslatableStrings,
283 | |         choices: VariableValuedTranslatableStrings,
284 | |         marks: VariableValuedPrimitivess
285 | |     }
286 | | }
    | |_^ use of undeclared type `VariableValuedPrimitivessInput`
    |
    = note: this error originates in a macro (in Nightly builds, run with -Z macro-backtrace for more info)

error[E0433]: failed to resolve: use of undeclared type `PrimitiveInput`
   --> rumbas/src/question/part/multiple_choice/match_answers.rs:308:1
    |
308 | / rumbas_support::optional_overwrite! {
309 | |     pub struct MatchAnswersItemMarks {
310 | |         marks: Primitive,
311 | |         answer: TranslatableString
312 | |     }
313 | | }
    | |_^ use of undeclared type `PrimitiveInput`
    |
    = note: this error originates in a macro (in Nightly builds, run with -Z macro-backtrace for more info)

error[E0433]: failed to resolve: use of undeclared type `VariableValuedTranslatableStringsInput`
  --> rumbas/src/question/part/multiple_choice/mod.rs:31:1
   |
31 | / rumbas_support::optional_overwrite! {
32 | |     pub struct MultipleChoiceAnswerDataNumbasLike {
33 | |         answers: VariableValuedTranslatableStrings,
34 | |         marks: VariableValuedPrimitives,
35 | |         feedback: NoneableTranslatableStrings
36 | |     }
37 | | }
   | |_^ use of undeclared type `VariableValuedTranslatableStringsInput`
   |
   = note: this error originates in a macro (in Nightly builds, run with -Z macro-backtrace for more info)

error[E0433]: failed to resolve: use of undeclared type `VariableValuedPrimitivesInput`
  --> rumbas/src/question/part/multiple_choice/mod.rs:31:1
   |
31 | / rumbas_support::optional_overwrite! {
32 | |     pub struct MultipleChoiceAnswerDataNumbasLike {
33 | |         answers: VariableValuedTranslatableStrings,
34 | |         marks: VariableValuedPrimitives,
35 | |         feedback: NoneableTranslatableStrings
36 | |     }
37 | | }
   | |_^ use of undeclared type `VariableValuedPrimitivesInput`
   |
   = note: this error originates in a macro (in Nightly builds, run with -Z macro-backtrace for more info)

error[E0433]: failed to resolve: use of undeclared type `NoneableTranslatableStringsInput`
  --> rumbas/src/question/part/multiple_choice/mod.rs:31:1
   |
31 | / rumbas_support::optional_overwrite! {
32 | |     pub struct MultipleChoiceAnswerDataNumbasLike {
33 | |         answers: VariableValuedTranslatableStrings,
34 | |         marks: VariableValuedPrimitives,
35 | |         feedback: NoneableTranslatableStrings
36 | |     }
37 | | }
   | |_^ use of undeclared type `NoneableTranslatableStringsInput`
   |
   = note: this error originates in a macro (in Nightly builds, run with -Z macro-backtrace for more info)

error[E0433]: failed to resolve: use of undeclared type `MultipleChoiceAnswerData`
   --> rumbas/src/question/part/multiple_choice/mod.rs:112:9
    |
112 |         MultipleChoiceAnswerData::ItemBased(
    |         ^^^^^^^^^^^^^^^^^^^^^^^^ use of undeclared type `MultipleChoiceAnswerData`

error[E0433]: failed to resolve: use of undeclared type `MultipleChoiceAnswerData`
   --> rumbas/src/question/part/multiple_choice/mod.rs:123:9
    |
123 |         MultipleChoiceAnswerData::NumbasLike(Box::new(MultipleChoiceAnswerDataNumbasLike {
    |         ^^^^^^^^^^^^^^^^^^^^^^^^ use of undeclared type `MultipleChoiceAnswerData`

error[E0433]: failed to resolve: use of undeclared type `PrimitiveInput`
   --> rumbas/src/question/part/multiple_choice/mod.rs:161:1
    |
161 | / rumbas_support::optional_overwrite! {
162 | |     pub struct MultipleChoiceAnswer {
163 | |         statement: TranslatableString,
164 | |         feedback: TranslatableString,
165 | |         marks: Primitive // TODO: variable valued?
166 | |     }
167 | | }
    | |_^ use of undeclared type `PrimitiveInput`
    |
    = note: this error originates in a macro (in Nightly builds, run with -Z macro-backtrace for more info)

error[E0433]: failed to resolve: use of undeclared type `PrimitiveInput`
  --> rumbas/src/question/part/number_entry.rs:23:1
   |
23 | / question_part_type! {
24 | |     pub struct QuestionPartNumberEntry {
25 | |         answer: NumberEntryAnswer,
26 | |         display_correct_as_fraction: RumbasBool,
...  |
38 | |
39 | | }
   | |_^ use of undeclared type `PrimitiveInput`
   |
   = note: this error originates in a macro (in Nightly builds, run with -Z macro-backtrace for more info)

error[E0433]: failed to resolve: use of undeclared type `NumberEntryAnswerInput`
  --> rumbas/src/question/part/number_entry.rs:23:1
   |
23 | / question_part_type! {
24 | |     pub struct QuestionPartNumberEntry {
25 | |         answer: NumberEntryAnswer,
26 | |         display_correct_as_fraction: RumbasBool,
...  |
38 | |
39 | | }
   | |_^ use of undeclared type `NumberEntryAnswerInput`
   |
   = note: this error originates in a macro (in Nightly builds, run with -Z macro-backtrace for more info)

error[E0433]: failed to resolve: use of undeclared type `AnswerStyleInput`
  --> rumbas/src/question/part/number_entry.rs:23:1
   |
23 | / question_part_type! {
24 | |     pub struct QuestionPartNumberEntry {
25 | |         answer: NumberEntryAnswer,
26 | |         display_correct_as_fraction: RumbasBool,
...  |
38 | |
39 | | }
   | |_^ use of undeclared type `AnswerStyleInput`
   |
   = note: this error originates in a macro (in Nightly builds, run with -Z macro-backtrace for more info)

error[E0433]: failed to resolve: use of undeclared type `NumberEntryAnswer`
   --> rumbas/src/question/part/number_entry.rs:123:13
    |
123 |             NumberEntryAnswer::Normal(f) => {
    |             ^^^^^^^^^^^^^^^^^ use of undeclared type `NumberEntryAnswer`

error[E0433]: failed to resolve: use of undeclared type `NumberEntryAnswer`
   --> rumbas/src/question/part/number_entry.rs:128:13
    |
128 |             NumberEntryAnswer::Range(range) => {
    |             ^^^^^^^^^^^^^^^^^ use of undeclared type `NumberEntryAnswer`

error[E0433]: failed to resolve: use of undeclared type `NumberEntryAnswer`
   --> rumbas/src/question/part/number_entry.rs:148:18
    |
148 |             } => NumberEntryAnswer::Range(NumberEntryAnswerRange {
    |                  ^^^^^^^^^^^^^^^^^ use of undeclared type `NumberEntryAnswer`

error[E0433]: failed to resolve: use of undeclared type `NumberEntryAnswer`
   --> rumbas/src/question/part/number_entry.rs:153:17
    |
153 |                 NumberEntryAnswer::Normal(answer.to_string().to_rumbas())
    |                 ^^^^^^^^^^^^^^^^^ use of undeclared type `NumberEntryAnswer`

error[E0433]: failed to resolve: use of undeclared type `PrimitiveInput`
  --> rumbas/src/question/part/pattern_match.rs:21:1
   |
21 | / question_part_type! {
22 | |     pub struct QuestionPartPatternMatch {
23 | |         case_sensitive: RumbasBool,
24 | |         partial_credit: RumbasFloat,
...  |
28 | |     }
29 | | }
   | |_^ use of undeclared type `PrimitiveInput`
   |
   = note: this error originates in a macro (in Nightly builds, run with -Z macro-backtrace for more info)

error[E0433]: failed to resolve: use of undeclared type `PatternMatchModeInput`
  --> rumbas/src/question/part/pattern_match.rs:21:1
   |
21 | / question_part_type! {
22 | |     pub struct QuestionPartPatternMatch {
23 | |         case_sensitive: RumbasBool,
24 | |         partial_credit: RumbasFloat,
...  |
28 | |     }
29 | | }
   | |_^ use of undeclared type `PatternMatchModeInput`
   |
   = note: this error originates in a macro (in Nightly builds, run with -Z macro-backtrace for more info)

error[E0433]: failed to resolve: use of undeclared type `VariableRepresentation`
  --> rumbas/src/question/variable.rs:43:9
   |
43 |         VariableRepresentation::Long(Box::new(Variable {
   |         ^^^^^^^^^^^^^^^^^^^^^^ use of undeclared type `VariableRepresentation`

error[E0433]: failed to resolve: use of undeclared type `VariableRepresentation`
  --> rumbas/src/question/variable.rs:55:13
   |
55 |             VariableRepresentation::ListOfStrings(l) => Variable::ungrouped(
   |             ^^^^^^^^^^^^^^^^^^^^^^ use of undeclared type `VariableRepresentation`

error[E0433]: failed to resolve: use of undeclared type `VariableRepresentation`
  --> rumbas/src/question/variable.rs:59:13
   |
59 |             VariableRepresentation::ListOfNumbers(l) => Variable::ungrouped(
   |             ^^^^^^^^^^^^^^^^^^^^^^ use of undeclared type `VariableRepresentation`

error[E0433]: failed to resolve: use of undeclared type `VariableRepresentation`
  --> rumbas/src/question/variable.rs:63:13
   |
63 |             VariableRepresentation::Long(v) => *(v.clone()),
   |             ^^^^^^^^^^^^^^^^^^^^^^ use of undeclared type `VariableRepresentation`

error[E0433]: failed to resolve: use of undeclared type `VariableRepresentation`
  --> rumbas/src/question/variable.rs:64:13
   |
64 |             VariableRepresentation::Number(n) => {
   |             ^^^^^^^^^^^^^^^^^^^^^^ use of undeclared type `VariableRepresentation`

error[E0433]: failed to resolve: use of undeclared type `VariableRepresentation`
  --> rumbas/src/question/variable.rs:67:13
   |
67 |             VariableRepresentation::Other(o) => match o {
   |             ^^^^^^^^^^^^^^^^^^^^^^ use of undeclared type `VariableRepresentation`

error[E0433]: failed to resolve: use of undeclared type `VariableStringRepresentation`
  --> rumbas/src/question/variable.rs:68:17
   |
68 |                 VariableStringRepresentation::Anything(s) => {
   |                 ^^^^^^^^^^^^^^^^^^^^^^^^^^^^ use of undeclared type `VariableStringRepresentation`

error[E0433]: failed to resolve: use of undeclared type `VariableStringRepresentation`
  --> rumbas/src/question/variable.rs:71:17
   |
71 |                 VariableStringRepresentation::Range(r) => {
   |                 ^^^^^^^^^^^^^^^^^^^^^^^^^^^^ use of undeclared type `VariableStringRepresentation`

error[E0433]: failed to resolve: use of undeclared type `VariableStringRepresentation`
  --> rumbas/src/question/variable.rs:74:17
   |
74 |                 VariableStringRepresentation::RandomRange(r) => {
   |                 ^^^^^^^^^^^^^^^^^^^^^^^^^^^^ use of undeclared type `VariableStringRepresentation`

error[E0433]: failed to resolve: use of undeclared type `VariableStringRepresentation`
   --> rumbas/src/question/variable.rs:108:13
    |
108 |             VariableStringRepresentation::Range(r)
    |             ^^^^^^^^^^^^^^^^^^^^^^^^^^^^ use of undeclared type `VariableStringRepresentation`

error[E0433]: failed to resolve: use of undeclared type `VariableStringRepresentation`
   --> rumbas/src/question/variable.rs:110:13
    |
110 |             VariableStringRepresentation::RandomRange(r)
    |             ^^^^^^^^^^^^^^^^^^^^^^^^^^^^ use of undeclared type `VariableStringRepresentation`

error[E0433]: failed to resolve: use of undeclared type `VariableStringRepresentation`
   --> rumbas/src/question/variable.rs:112:13
    |
112 |             VariableStringRepresentation::Anything(s)
    |             ^^^^^^^^^^^^^^^^^^^^^^^^^^^^ use of undeclared type `VariableStringRepresentation`

error[E0433]: failed to resolve: use of undeclared type `VariableStringRepresentation`
   --> rumbas/src/question/variable.rs:119:17
    |
119 |         let v = VariableStringRepresentation::from(s);
    |                 ^^^^^^^^^^^^^^^^^^^^^^^^^^^^ use of undeclared type `VariableStringRepresentation`

error[E0433]: failed to resolve: use of undeclared type `VariableTemplateTypeInput`
   --> rumbas/src/question/variable.rs:241:1
    |
241 | / rumbas_support::optional_overwrite! {
242 | |     pub struct Variable {
243 | |         definition: FileString,//TODO: definition dependant of template type, for random_range: start, end and step instead
244 | |         description: RumbasString,
...   |
247 | |     }
248 | | }
    | |_^ use of undeclared type `VariableTemplateTypeInput`
    |
    = note: this error originates in a macro (in Nightly builds, run with -Z macro-backtrace for more info)

error[E0433]: failed to resolve: use of undeclared type `QuestionFileTypeInput`
   --> rumbas/src/question/mod.rs:226:9
    |
226 |         QuestionFileTypeInput::from_normal(self.to_owned()).to_yaml()
    |         ^^^^^^^^^^^^^^^^^^^^^ use of undeclared type `QuestionFileTypeInput`

error[E0412]: cannot find type `FeedbackMessageInput` in this scope
   --> rumbas/src/exam/feedback.rs:140:44
    |
140 | pub type FeedbackMessagesInput = Vec<Value<FeedbackMessageInput>>;
    |                               -            ^^^^^^^^^^^^^^^^^^^^ not found in this scope
    |                               |
    |                               help: you might be missing a type parameter: `<FeedbackMessageInput>`

error[E0412]: cannot find type `SupportedLocaleInput` in this scope
  --> rumbas/src/exam/locale.rs:8:1
   |
8  | / rumbas_support::optional_overwrite! {
9  | |     pub struct Locale {
10 | |         name: RumbasString, //TODO: document names best used for shareability?
11 | |         /// The locale to use in the Numbas interface
12 | |         numbas_locale: SupportedLocale
13 | |     }
14 | | }
   | |_^ help: an enum with a similar name exists: `SupportedLocale`
...
23 |           pub enum SupportedLocale {
   |           ------------------------ similarly named enum `SupportedLocale` defined here
   |
   = note: this error originates in a macro (in Nightly builds, run with -Z macro-backtrace for more info)

error[E0412]: cannot find type `NormalNavigation` in this scope
  --> rumbas/src/exam/navigation.rs:23:57
   |
23 | impl ToNumbas<numbas::exam::navigation::Navigation> for NormalNavigation {
   |                                                         ^^^^^^^^^^^^^^^^ not found in this scope

error[E0412]: cannot find type `NormalNavigation` in this scope
  --> rumbas/src/exam/navigation.rs:38:61
   |
38 | impl ToNumbas<numbas::exam::navigation::NavigationMode> for NormalNavigation {
   |                                                             ^^^^^^^^^^^^^^^^ not found in this scope

error[E0412]: cannot find type `NormalNavigation` in this scope
  --> rumbas/src/exam/navigation.rs:47:15
   |
47 | impl ToRumbas<NormalNavigation> for numbas::exam::exam::Exam {
   |     -         ^^^^^^^^^^^^^^^^ not found in this scope
   |     |
   |     help: you might be missing a type parameter: `<NormalNavigation>`

error[E0412]: cannot find type `NormalNavigation` in this scope
  --> rumbas/src/exam/navigation.rs:48:28
   |
48 |     fn to_rumbas(&self) -> NormalNavigation {
   |                            ^^^^^^^^^^^^^^^^ not found in this scope

error[E0412]: cannot find type `NormalNavigation` in this scope
  --> rumbas/src/exam/navigation.rs:74:6
   |
74 | impl NormalNavigation {
   |      ^^^^^^^^^^^^^^^^ not found in this scope

error[E0412]: cannot find type `ShowResultsPageInput` in this scope
   --> rumbas/src/exam/navigation.rs:83:1
    |
83  | / rumbas_support::optional_overwrite! {
84  | |     pub struct SequentialNavigation {
85  | |         /// (flattened field) The data shared between all types of navigation
86  | |         #[serde(flatten)]
...   |
98  | |     }
99  | | }
    | |_^ help: an enum with a similar name exists: `ShowResultsPage`
...
180 |   pub enum ShowResultsPage {
    |   ------------------------ similarly named enum `ShowResultsPage` defined here
    |
    = note: this error originates in a macro (in Nightly builds, run with -Z macro-backtrace for more info)

error[E0412]: cannot find type `Exam` in this scope
  --> rumbas/src/exam/mod.rs:42:45
   |
42 | impl ToNumbas<numbas::exam::exam::Exam> for Exam {
   |                                             ^^^^ not found in this scope
   |
help: consider importing this struct
   |
12 | use numbas::exam::exam::Exam;
   |

error[E0412]: cannot find type `Exam` in this scope
  --> rumbas/src/exam/mod.rs:51:6
   |
51 | impl Exam {
   |      ^^^^ not found in this scope
   |
help: consider importing this struct
   |
12 | use numbas::exam::exam::Exam;
   |

error[E0412]: cannot find type `ExamInput` in this scope
  --> rumbas/src/exam/mod.rs:66:6
   |
66 | impl ExamInput {
   |      ^^^^^^^^^ not found in this scope

error[E0412]: cannot find type `ExamInput` in this scope
  --> rumbas/src/exam/mod.rs:67:45
   |
66 | impl ExamInput {
   |     - help: you might be missing a type parameter: `<ExamInput>`
67 |     pub fn from_file(file: &Path) -> Result<ExamInput, ParseError> {
   |                                             ^^^^^^^^^ not found in this scope

error[E0412]: cannot find type `ExamFileTypeInput` in this scope
  --> rumbas/src/exam/mod.rs:69:40
   |
66 | impl ExamInput {
   |     - help: you might be missing a type parameter: `<ExamFileTypeInput>`
...
69 |         let input: std::result::Result<ExamFileTypeInput, serde_yaml::Error> =
   |                                        ^^^^^^^^^^^^^^^^^ not found in this scope

error[E0425]: cannot find function, tuple struct or tuple variant `Template` in this scope
  --> rumbas/src/exam/mod.rs:90:20
   |
90 |                 Ok(Template(TemplateFileInput::from_normal(t)))
   |                    ^^^^^^^^ not found in this scope
   |
help: consider importing this tuple variant
   |
12 | use rumbas_support::template::ValueType::Template;
   |

error[E0531]: cannot find tuple struct or tuple variant `Normal` in this scope
   --> rumbas/src/exam/mod.rs:101:17
    |
101 |                 Normal(e) => Ok(ExamInput::Normal(e)),
    |                 ^^^^^^ not found in this scope
    |
help: consider importing one of these items
    |
12  | use rumbas_support::template::ValueType::Normal;
    |
12  | use std::path::Component::Normal;
    |

error[E0531]: cannot find tuple struct or tuple variant `Diagnostic` in this scope
   --> rumbas/src/exam/mod.rs:102:17
    |
102 |                 Diagnostic(e) => Ok(ExamInput::Diagnostic(e)),
    |                 ^^^^^^^^^^ not found in this scope
    |
help: consider importing this tuple variant
    |
12  | use numbas::exam::navigation::NavigationMode::Diagnostic;
    |

error[E0531]: cannot find tuple struct or tuple variant `Template` in this scope
   --> rumbas/src/exam/mod.rs:103:17
    |
103 |                 Template(t_val) => {
    |                 ^^^^^^^^ not found in this scope
    |
help: consider importing this tuple variant
    |
12  | use rumbas_support::template::ValueType::Template;
    |

error[E0412]: cannot find type `ExamInput` in this scope
   --> rumbas/src/exam/mod.rs:114:35
    |
114 |                     let mut exam: ExamInput = serde_yaml::from_str(&template_yaml).unwrap();
    |                                   ^^^^^^^^^ not found in this scope

error[E0412]: cannot find type `ExamFileTypeInput` in this scope
   --> rumbas/src/exam/mod.rs:142:6
    |
142 | impl ExamFileTypeInput {
    |      ^^^^^^^^^^^^^^^^^ not found in this scope

error[E0412]: cannot find type `ExamFileType` in this scope
   --> rumbas/src/exam/mod.rs:148:6
    |
148 | impl ExamFileType {
    |      ^^^^^^^^^^^^ not found in this scope

error[E0412]: cannot find type `ExamFileType` in this scope
   --> rumbas/src/exam/mod.rs:161:5
    |
161 |     ExamFileType,
    |     ^^^^^^^^^^^^ not found in this scope

error[E0412]: cannot find type `CustomPartInputWidgetInput` in this scope
  --> rumbas/src/question/custom_part_type.rs:23:1
   |
23 | / rumbas_support::optional_overwrite! {
24 | |     pub struct CustomPartTypeDefinition {
25 | |         type_name: TranslatableString,
26 | |         description: TranslatableString,
...  |
36 | |     }
37 | | }
   | |_^ not found in this scope
   |
   = note: this error originates in a macro (in Nightly builds, run with -Z macro-backtrace for more info)

error[E0412]: cannot find type `CustomPartInputWidget` in this scope
  --> rumbas/src/question/custom_part_type.rs:34:23
   |
34 |         input_widget: CustomPartInputWidget
   |                       ^^^^^^^^^^^^^^^^^^^^^ not found in this scope
   |
help: consider importing this enum
   |
1  | use numbas::question::custom_part_type::CustomPartInputWidget;
   |

error[E0412]: cannot find type `CustomPartInputWidget` in this scope
   --> rumbas/src/question/custom_part_type.rs:203:78
    |
203 | impl ToNumbas<numbas::question::custom_part_type::CustomPartInputWidget> for CustomPartInputWidget {
    |                                                                              ^^^^^^^^^^^^^^^^^^^^^ not found in this scope
    |
help: consider importing this enum
    |
1   | use numbas::question::custom_part_type::CustomPartInputWidget;
    |

error[E0412]: cannot find type `CustomPartInputWidget` in this scope
   --> rumbas/src/question/custom_part_type.rs:225:15
    |
225 | impl ToRumbas<CustomPartInputWidget> for numbas::question::custom_part_type::CustomPartInputWidget {
    |               ^^^^^^^^^^^^^^^^^^^^^ not found in this scope
    |
help: consider importing this enum
    |
1   | use numbas::question::custom_part_type::CustomPartInputWidget;
    |

error[E0412]: cannot find type `CustomPartInputWidget` in this scope
   --> rumbas/src/question/custom_part_type.rs:226:28
    |
226 |     fn to_rumbas(&self) -> CustomPartInputWidget {
    |                            ^^^^^^^^^^^^^^^^^^^^^ not found in this scope
    |
help: consider importing this enum
    |
1   | use numbas::question::custom_part_type::CustomPartInputWidget;
    |

error[E0433]: failed to resolve: use of undeclared type `CustomPartInputWidget`
   --> rumbas/src/question/custom_part_type.rs:229:17
    |
229 |                 CustomPartInputWidget::String(s.to_rumbas())
    |                 ^^^^^^^^^^^^^^^^^^^^^ not found in this scope
    |
help: consider importing this enum
    |
1   | use numbas::question::custom_part_type::CustomPartInputWidget;
    |

error[E0433]: failed to resolve: use of undeclared type `CustomPartInputWidget`
   --> rumbas/src/question/custom_part_type.rs:232:17
    |
232 |                 CustomPartInputWidget::Number(s.to_rumbas())
    |                 ^^^^^^^^^^^^^^^^^^^^^ not found in this scope
    |
help: consider importing this enum
    |
1   | use numbas::question::custom_part_type::CustomPartInputWidget;
    |

error[E0433]: failed to resolve: use of undeclared type `CustomPartInputWidget`
   --> rumbas/src/question/custom_part_type.rs:235:17
    |
235 |                 CustomPartInputWidget::RadioGroup(s.to_rumbas())
    |                 ^^^^^^^^^^^^^^^^^^^^^ not found in this scope
    |
help: consider importing this enum
    |
1   | use numbas::question::custom_part_type::CustomPartInputWidget;
    |

error[E0412]: cannot find type `NumbasFunctionTypeInput` in this scope
  --> rumbas/src/question/function.rs:19:1
   |
19 | / rumbas_support::optional_overwrite! {
20 | |     pub struct Function {
21 | |         parameters: StringFunctionTypeTuples,
22 | |         output_type: NumbasFunctionType,
...  |
25 | |     }
26 | | }
   | |_^ help: an enum with a similar name exists: `NumbasFunctionType`
   | 
  ::: /media/jesse/Data/Programming/rumbas/numbas/src/question/function.rs:30:1
   |
30 |   pub enum FunctionType {
   |   --------------------- similarly named enum `NumbasFunctionType` defined here
   |
   = note: this error originates in a macro (in Nightly builds, run with -Z macro-backtrace for more info)

error[E0412]: cannot find type `FunctionDefinitionInput` in this scope
  --> rumbas/src/question/function.rs:19:1
   |
19 | / rumbas_support::optional_overwrite! {
20 | |     pub struct Function {
21 | |         parameters: StringFunctionTypeTuples,
22 | |         output_type: NumbasFunctionType,
...  |
25 | |     }
26 | | }
   | |_^ not found in this scope
   |
   = note: this error originates in a macro (in Nightly builds, run with -Z macro-backtrace for more info)

error[E0412]: cannot find type `FunctionDefinition` in this scope
  --> rumbas/src/question/function.rs:24:21
   |
24 |           definition: FunctionDefinition
   |                       ^^^^^^^^^^^^^^^^^^
...
92 | / rumbas_support::optional_overwrite! {
93 | |     pub struct FunctionDefinitionJME {
94 | |         definition: JMETranslatableString
95 | |     }
96 | | }
   | |_- similarly named struct `FunctionDefinitionJME` defined here
   |
help: a struct with a similar name exists
   |
24 |         definition: FunctionDefinitionJME
   |                     ^^^^^^^^^^^^^^^^^^^^^
help: consider importing this enum
   |
1  | use numbas::question::function::FunctionDefinition;
   |

error[E0412]: cannot find type `FunctionDefinition` in this scope
  --> rumbas/src/question/function.rs:60:67
   |
60 |   impl ToNumbas<numbas::question::function::FunctionDefinition> for FunctionDefinition {
   |                                                                     ^^^^^^^^^^^^^^^^^^
...
92 | / rumbas_support::optional_overwrite! {
93 | |     pub struct FunctionDefinitionJME {
94 | |         definition: JMETranslatableString
95 | |     }
96 | | }
   | |_- similarly named struct `FunctionDefinitionJME` defined here
   |
help: a struct with a similar name exists
   |
60 | impl ToNumbas<numbas::question::function::FunctionDefinition> for FunctionDefinitionJME {
   |                                                                   ^^^^^^^^^^^^^^^^^^^^^
help: consider importing this enum
   |
1  | use numbas::question::function::FunctionDefinition;
   |

error[E0412]: cannot find type `FunctionDefinition` in this scope
  --> rumbas/src/question/function.rs:75:15
   |
75 |   impl ToRumbas<FunctionDefinition> for numbas::question::function::FunctionDefinition {
   |                 ^^^^^^^^^^^^^^^^^^
...
92 | / rumbas_support::optional_overwrite! {
93 | |     pub struct FunctionDefinitionJME {
94 | |         definition: JMETranslatableString
95 | |     }
96 | | }
   | |_- similarly named struct `FunctionDefinitionJME` defined here
   |
help: a struct with a similar name exists
   |
75 | impl ToRumbas<FunctionDefinitionJME> for numbas::question::function::FunctionDefinition {
   |               ^^^^^^^^^^^^^^^^^^^^^
help: consider importing this enum
   |
1  | use numbas::question::function::FunctionDefinition;
   |

error[E0412]: cannot find type `FunctionDefinition` in this scope
  --> rumbas/src/question/function.rs:76:28
   |
76 |       fn to_rumbas(&self) -> FunctionDefinition {
   |                              ^^^^^^^^^^^^^^^^^^
...
92 | / rumbas_support::optional_overwrite! {
93 | |     pub struct FunctionDefinitionJME {
94 | |         definition: JMETranslatableString
95 | |     }
96 | | }
   | |_- similarly named struct `FunctionDefinitionJME` defined here
   |
help: a struct with a similar name exists
   |
76 |     fn to_rumbas(&self) -> FunctionDefinitionJME {
   |                            ^^^^^^^^^^^^^^^^^^^^^
help: consider importing this enum
   |
1  | use numbas::question::function::FunctionDefinition;
   |

error[E0433]: failed to resolve: use of undeclared type `FunctionDefinition`
  --> rumbas/src/question/function.rs:79:17
   |
79 |                   FunctionDefinition::JME(FunctionDefinitionJME {
   |                   ^^^^^^^^^^^^^^^^^^
...
92 | / rumbas_support::optional_overwrite! {
93 | |     pub struct FunctionDefinitionJME {
94 | |         definition: JMETranslatableString
95 | |     }
96 | | }
   | |_- similarly named struct `FunctionDefinitionJME` defined here
   |
help: a struct with a similar name exists
   |
79 |                 FunctionDefinitionJME::JME(FunctionDefinitionJME {
   |                 ^^^^^^^^^^^^^^^^^^^^^
help: consider importing this enum
   |
1  | use numbas::question::function::FunctionDefinition;
   |

error[E0433]: failed to resolve: use of undeclared type `FunctionDefinition`
  --> rumbas/src/question/function.rs:84:17
   |
84 |                   FunctionDefinition::Javascript(FunctionDefinitionJavascript {
   |                   ^^^^^^^^^^^^^^^^^^
...
92 | / rumbas_support::optional_overwrite! {
93 | |     pub struct FunctionDefinitionJME {
94 | |         definition: JMETranslatableString
95 | |     }
96 | | }
   | |_- similarly named struct `FunctionDefinitionJME` defined here
   |
help: a struct with a similar name exists
   |
84 |                 FunctionDefinitionJME::Javascript(FunctionDefinitionJavascript {
   |                 ^^^^^^^^^^^^^^^^^^^^^
help: consider importing this enum
   |
1  | use numbas::question::function::FunctionDefinition;
   |

error[E0412]: cannot find type `QuestionPartInput` in this scope
  --> rumbas/src/question/part/question_part.rs:43:41
   |
43 | pub type QuestionPartsInput = Vec<Value<QuestionPartInput>>;
   |                            -            ^^^^^^^^^^^^^^^^^ not found in this scope
   |                            |
   |                            help: you might be missing a type parameter: `<QuestionPartInput>`

error[E0412]: cannot find type `QuestionPart` in this scope
  --> rumbas/src/question/part/question_part.rs:44:30
   |
44 | pub type QuestionParts = Vec<QuestionPart>;
   |                              ^^^^^^^^^^^^ not found in this scope
   |
help: consider importing this enum
   |
1  | use numbas::question::part::QuestionPart;
   |

error[E0412]: cannot find type `QuestionPart` in this scope
  --> rumbas/src/question/part/question_part.rs:46:57
   |
44 | pub type QuestionParts = Vec<QuestionPart>;
   | ------------------------------------------- similarly named type alias `QuestionParts` defined here
45 | 
46 | impl ToNumbas<numbas::question::part::QuestionPart> for QuestionPart {
   |                                                         ^^^^^^^^^^^^
   |
help: a type alias with a similar name exists
   |
46 | impl ToNumbas<numbas::question::part::QuestionPart> for QuestionParts {
   |                                                         ^^^^^^^^^^^^^
help: consider importing this enum
   |
1  | use numbas::question::part::QuestionPart;
   |

error[E0412]: cannot find type `QuestionPart` in this scope
  --> rumbas/src/question/part/question_part.rs:59:15
   |
44 | pub type QuestionParts = Vec<QuestionPart>;
   | ------------------------------------------- similarly named type alias `QuestionParts` defined here
...
59 | impl ToRumbas<QuestionPart> for numbas::question::part::QuestionPart {
   |               ^^^^^^^^^^^^
   |
help: a type alias with a similar name exists
   |
59 | impl ToRumbas<QuestionParts> for numbas::question::part::QuestionPart {
   |               ^^^^^^^^^^^^^
help: consider importing this enum
   |
1  | use numbas::question::part::QuestionPart;
   |

error[E0412]: cannot find type `QuestionPart` in this scope
  --> rumbas/src/question/part/question_part.rs:60:28
   |
44 | pub type QuestionParts = Vec<QuestionPart>;
   | ------------------------------------------- similarly named type alias `QuestionParts` defined here
...
60 |     fn to_rumbas(&self) -> QuestionPart {
   |                            ^^^^^^^^^^^^
   |
help: a type alias with a similar name exists
   |
60 |     fn to_rumbas(&self) -> QuestionParts {
   |                            ^^^^^^^^^^^^^
help: consider importing this enum
   |
1  | use numbas::question::part::QuestionPart;
   |

error[E0433]: failed to resolve: use of undeclared type `QuestionPart`
  --> rumbas/src/question/part/question_part.rs:63:17
   |
44 | pub type QuestionParts = Vec<QuestionPart>;
   | ------------------------------------------- similarly named type alias `QuestionParts` defined here
...
63 |                 QuestionPart::Builtin(bqp.to_rumbas())
   |                 ^^^^^^^^^^^^
   |
help: a type alias with a similar name exists
   |
63 |                 QuestionParts::Builtin(bqp.to_rumbas())
   |                 ^^^^^^^^^^^^^
help: consider importing this enum
   |
1  | use numbas::question::part::QuestionPart;
   |

error[E0433]: failed to resolve: use of undeclared type `QuestionPart`
  --> rumbas/src/question/part/question_part.rs:66:17
   |
44 | pub type QuestionParts = Vec<QuestionPart>;
   | ------------------------------------------- similarly named type alias `QuestionParts` defined here
...
66 |                 QuestionPart::Custom(cqp.to_rumbas())
   |                 ^^^^^^^^^^^^
   |
help: a type alias with a similar name exists
   |
66 |                 QuestionParts::Custom(cqp.to_rumbas())
   |                 ^^^^^^^^^^^^^
help: consider importing this enum
   |
1  | use numbas::question::part::QuestionPart;
   |

error[E0412]: cannot find type `QuestionPartInput` in this scope
  --> rumbas/src/question/part/question_part.rs:72:6
   |
43 | pub type QuestionPartsInput = Vec<Value<QuestionPartInput>>;
   | ------------------------------------------------------------ similarly named type alias `QuestionPartsInput` defined here
...
72 | impl QuestionPartInput {
   |      ^^^^^^^^^^^^^^^^^ help: a type alias with a similar name exists: `QuestionPartsInput`

error[E0412]: cannot find type `QuestionPartInput` in this scope
  --> rumbas/src/question/part/question_part.rs:73:57
   |
43 | pub type QuestionPartsInput = Vec<Value<QuestionPartInput>>;
   | ------------------------------------------------------------ similarly named type alias `QuestionPartsInput` defined here
...
73 |     pub fn get_steps(&mut self) -> &mut Value<Vec<Value<QuestionPartInput>>> {
   |                                                         ^^^^^^^^^^^^^^^^^
   |
help: a type alias with a similar name exists
   |
73 |     pub fn get_steps(&mut self) -> &mut Value<Vec<Value<QuestionPartsInput>>> {
   |                                                         ^^^^^^^^^^^^^^^^^^
help: you might be missing a type parameter
   |
72 | impl<QuestionPartInput> QuestionPartInput {
   |     ^^^^^^^^^^^^^^^^^^^

error[E0412]: cannot find type `QuestionPartBuiltin` in this scope
   --> rumbas/src/question/part/question_part.rs:107:64
    |
107 |   impl ToNumbas<numbas::question::part::QuestionPartBuiltin> for QuestionPartBuiltin {
    |                                                                  ^^^^^^^^^^^^^^^^^^^
...
380 | / question_part_type! {
381 | |     pub struct QuestionPartCustom {
382 | |         r#type: RumbasString,
383 | |         settings: MapStringToCustomPartInputTypeValue
384 | |     }
385 | | }
    | |_- similarly named struct `QuestionPartCustom` defined here
    |
help: a struct with a similar name exists
    |
107 | impl ToNumbas<numbas::question::part::QuestionPartBuiltin> for QuestionPartCustom {
    |                                                                ^^^^^^^^^^^^^^^^^^
help: consider importing this enum
    |
1   | use numbas::question::part::QuestionPartBuiltin;
    |

error[E0412]: cannot find type `QuestionPartBuiltin` in this scope
   --> rumbas/src/question/part/question_part.rs:146:15
    |
146 |   impl ToRumbas<QuestionPartBuiltin> for numbas::question::part::QuestionPartBuiltin {
    |                 ^^^^^^^^^^^^^^^^^^^
...
380 | / question_part_type! {
381 | |     pub struct QuestionPartCustom {
382 | |         r#type: RumbasString,
383 | |         settings: MapStringToCustomPartInputTypeValue
384 | |     }
385 | | }
    | |_- similarly named struct `QuestionPartCustom` defined here
    |
help: a struct with a similar name exists
    |
146 | impl ToRumbas<QuestionPartCustom> for numbas::question::part::QuestionPartBuiltin {
    |               ^^^^^^^^^^^^^^^^^^
help: consider importing this enum
    |
1   | use numbas::question::part::QuestionPartBuiltin;
    |

error[E0412]: cannot find type `QuestionPartBuiltin` in this scope
   --> rumbas/src/question/part/question_part.rs:147:28
    |
147 |       fn to_rumbas(&self) -> QuestionPartBuiltin {
    |                              ^^^^^^^^^^^^^^^^^^^
...
380 | / question_part_type! {
381 | |     pub struct QuestionPartCustom {
382 | |         r#type: RumbasString,
383 | |         settings: MapStringToCustomPartInputTypeValue
384 | |     }
385 | | }
    | |_- similarly named struct `QuestionPartCustom` defined here
    |
help: a struct with a similar name exists
    |
147 |     fn to_rumbas(&self) -> QuestionPartCustom {
    |                            ^^^^^^^^^^^^^^^^^^
help: consider importing this enum
    |
1   | use numbas::question::part::QuestionPartBuiltin;
    |

error[E0433]: failed to resolve: use of undeclared type `QuestionPartBuiltin`
   --> rumbas/src/question/part/question_part.rs:150:17
    |
150 |                   QuestionPartBuiltin::JME(p.to_rumbas())
    |                   ^^^^^^^^^^^^^^^^^^^
...
380 | / question_part_type! {
381 | |     pub struct QuestionPartCustom {
382 | |         r#type: RumbasString,
383 | |         settings: MapStringToCustomPartInputTypeValue
384 | |     }
385 | | }
    | |_- similarly named struct `QuestionPartCustom` defined here
    |
help: a struct with a similar name exists
    |
150 |                 QuestionPartCustom::JME(p.to_rumbas())
    |                 ^^^^^^^^^^^^^^^^^^
help: consider importing this enum
    |
1   | use numbas::question::part::QuestionPartBuiltin;
    |

error[E0433]: failed to resolve: use of undeclared type `QuestionPartBuiltin`
   --> rumbas/src/question/part/question_part.rs:153:17
    |
153 |                   QuestionPartBuiltin::NumberEntry(p.to_rumbas())
    |                   ^^^^^^^^^^^^^^^^^^^
...
380 | / question_part_type! {
381 | |     pub struct QuestionPartCustom {
382 | |         r#type: RumbasString,
383 | |         settings: MapStringToCustomPartInputTypeValue
384 | |     }
385 | | }
    | |_- similarly named struct `QuestionPartCustom` defined here
    |
help: a struct with a similar name exists
    |
153 |                 QuestionPartCustom::NumberEntry(p.to_rumbas())
    |                 ^^^^^^^^^^^^^^^^^^
help: consider importing this enum
    |
1   | use numbas::question::part::QuestionPartBuiltin;
    |

error[E0433]: failed to resolve: use of undeclared type `QuestionPartBuiltin`
   --> rumbas/src/question/part/question_part.rs:156:17
    |
156 |                   QuestionPartBuiltin::Matrix((**p).to_rumbas())
    |                   ^^^^^^^^^^^^^^^^^^^
...
380 | / question_part_type! {
381 | |     pub struct QuestionPartCustom {
382 | |         r#type: RumbasString,
383 | |         settings: MapStringToCustomPartInputTypeValue
384 | |     }
385 | | }
    | |_- similarly named struct `QuestionPartCustom` defined here
    |
help: a struct with a similar name exists
    |
156 |                 QuestionPartCustom::Matrix((**p).to_rumbas())
    |                 ^^^^^^^^^^^^^^^^^^
help: consider importing this enum
    |
1   | use numbas::question::part::QuestionPartBuiltin;
    |

error[E0433]: failed to resolve: use of undeclared type `QuestionPartBuiltin`
   --> rumbas/src/question/part/question_part.rs:159:17
    |
159 |                   QuestionPartBuiltin::PatternMatch(p.to_rumbas())
    |                   ^^^^^^^^^^^^^^^^^^^
...
380 | / question_part_type! {
381 | |     pub struct QuestionPartCustom {
382 | |         r#type: RumbasString,
383 | |         settings: MapStringToCustomPartInputTypeValue
384 | |     }
385 | | }
    | |_- similarly named struct `QuestionPartCustom` defined here
    |
help: a struct with a similar name exists
    |
159 |                 QuestionPartCustom::PatternMatch(p.to_rumbas())
    |                 ^^^^^^^^^^^^^^^^^^
help: consider importing this enum
    |
1   | use numbas::question::part::QuestionPartBuiltin;
    |

error[E0433]: failed to resolve: use of undeclared type `QuestionPartBuiltin`
   --> rumbas/src/question/part/question_part.rs:162:17
    |
162 |                   QuestionPartBuiltin::ChooseOne(p.to_rumbas())
    |                   ^^^^^^^^^^^^^^^^^^^
...
380 | / question_part_type! {
381 | |     pub struct QuestionPartCustom {
382 | |         r#type: RumbasString,
383 | |         settings: MapStringToCustomPartInputTypeValue
384 | |     }
385 | | }
    | |_- similarly named struct `QuestionPartCustom` defined here
    |
help: a struct with a similar name exists
    |
162 |                 QuestionPartCustom::ChooseOne(p.to_rumbas())
    |                 ^^^^^^^^^^^^^^^^^^
help: consider importing this enum
    |
1   | use numbas::question::part::QuestionPartBuiltin;
    |

error[E0433]: failed to resolve: use of undeclared type `QuestionPartBuiltin`
   --> rumbas/src/question/part/question_part.rs:165:17
    |
165 |                   QuestionPartBuiltin::ChooseMultiple(p.to_rumbas())
    |                   ^^^^^^^^^^^^^^^^^^^
...
380 | / question_part_type! {
381 | |     pub struct QuestionPartCustom {
382 | |         r#type: RumbasString,
383 | |         settings: MapStringToCustomPartInputTypeValue
384 | |     }
385 | | }
    | |_- similarly named struct `QuestionPartCustom` defined here
    |
help: a struct with a similar name exists
    |
165 |                 QuestionPartCustom::ChooseMultiple(p.to_rumbas())
    |                 ^^^^^^^^^^^^^^^^^^
help: consider importing this enum
    |
1   | use numbas::question::part::QuestionPartBuiltin;
    |

error[E0433]: failed to resolve: use of undeclared type `QuestionPartBuiltin`
   --> rumbas/src/question/part/question_part.rs:168:17
    |
168 |                   QuestionPartBuiltin::MatchAnswersWithItems(p.to_rumbas())
    |                   ^^^^^^^^^^^^^^^^^^^
...
380 | / question_part_type! {
381 | |     pub struct QuestionPartCustom {
382 | |         r#type: RumbasString,
383 | |         settings: MapStringToCustomPartInputTypeValue
384 | |     }
385 | | }
    | |_- similarly named struct `QuestionPartCustom` defined here
    |
help: a struct with a similar name exists
    |
168 |                 QuestionPartCustom::MatchAnswersWithItems(p.to_rumbas())
    |                 ^^^^^^^^^^^^^^^^^^
help: consider importing this enum
    |
1   | use numbas::question::part::QuestionPartBuiltin;
    |

error[E0433]: failed to resolve: use of undeclared type `QuestionPartBuiltin`
   --> rumbas/src/question/part/question_part.rs:171:17
    |
171 |                   QuestionPartBuiltin::GapFill(p.to_rumbas())
    |                   ^^^^^^^^^^^^^^^^^^^
...
380 | / question_part_type! {
381 | |     pub struct QuestionPartCustom {
382 | |         r#type: RumbasString,
383 | |         settings: MapStringToCustomPartInputTypeValue
384 | |     }
385 | | }
    | |_- similarly named struct `QuestionPartCustom` defined here
    |
help: a struct with a similar name exists
    |
171 |                 QuestionPartCustom::GapFill(p.to_rumbas())
    |                 ^^^^^^^^^^^^^^^^^^
help: consider importing this enum
    |
1   | use numbas::question::part::QuestionPartBuiltin;
    |

error[E0433]: failed to resolve: use of undeclared type `QuestionPartBuiltin`
   --> rumbas/src/question/part/question_part.rs:174:17
    |
174 |                   QuestionPartBuiltin::Information(p.to_rumbas())
    |                   ^^^^^^^^^^^^^^^^^^^
...
380 | / question_part_type! {
381 | |     pub struct QuestionPartCustom {
382 | |         r#type: RumbasString,
383 | |         settings: MapStringToCustomPartInputTypeValue
384 | |     }
385 | | }
    | |_- similarly named struct `QuestionPartCustom` defined here
    |
help: a struct with a similar name exists
    |
174 |                 QuestionPartCustom::Information(p.to_rumbas())
    |                 ^^^^^^^^^^^^^^^^^^
help: consider importing this enum
    |
1   | use numbas::question::part::QuestionPartBuiltin;
    |

error[E0433]: failed to resolve: use of undeclared type `QuestionPartBuiltin`
   --> rumbas/src/question/part/question_part.rs:177:17
    |
177 |                   QuestionPartBuiltin::Extension(p.to_rumbas())
    |                   ^^^^^^^^^^^^^^^^^^^
...
380 | / question_part_type! {
381 | |     pub struct QuestionPartCustom {
382 | |         r#type: RumbasString,
383 | |         settings: MapStringToCustomPartInputTypeValue
384 | |     }
385 | | }
    | |_- similarly named struct `QuestionPartCustom` defined here
    |
help: a struct with a similar name exists
    |
177 |                 QuestionPartCustom::Extension(p.to_rumbas())
    |                 ^^^^^^^^^^^^^^^^^^
help: consider importing this enum
    |
1   | use numbas::question::part::QuestionPartBuiltin;
    |

error[E0412]: cannot find type `QuestionPartBuiltinInput` in this scope
   --> rumbas/src/question/part/question_part.rs:183:6
    |
183 |   impl QuestionPartBuiltinInput {
    |        ^^^^^^^^^^^^^^^^^^^^^^^^ help: a struct with a similar name exists: `QuestionPartCustomInput`
...
380 | / question_part_type! {
381 | |     pub struct QuestionPartCustom {
382 | |         r#type: RumbasString,
383 | |         settings: MapStringToCustomPartInputTypeValue
384 | |     }
385 | | }
    | |_- similarly named struct `QuestionPartCustomInput` defined here

error[E0412]: cannot find type `QuestionPartInput` in this scope
   --> rumbas/src/question/part/question_part.rs:184:57
    |
43  | pub type QuestionPartsInput = Vec<Value<QuestionPartInput>>;
    | ------------------------------------------------------------ similarly named type alias `QuestionPartsInput` defined here
...
184 |     pub fn get_steps(&mut self) -> &mut Value<Vec<Value<QuestionPartInput>>> {
    |                                                         ^^^^^^^^^^^^^^^^^
    |
help: a type alias with a similar name exists
    |
184 |     pub fn get_steps(&mut self) -> &mut Value<Vec<Value<QuestionPartsInput>>> {
    |                                                         ^^^^^^^^^^^^^^^^^^
help: you might be missing a type parameter
    |
183 | impl<QuestionPartInput> QuestionPartBuiltinInput {
    |     ^^^^^^^^^^^^^^^^^^^

error[E0412]: cannot find type `PrimitiveInput` in this scope
   --> rumbas/src/question/part/question_part.rs:380:1
    |
380 | / question_part_type! {
381 | |     pub struct QuestionPartCustom {
382 | |         r#type: RumbasString,
383 | |         settings: MapStringToCustomPartInputTypeValue
384 | |     }
385 | | }
    | |_^ not found in this scope
    |
    = note: this error originates in a macro (in Nightly builds, run with -Z macro-backtrace for more info)

error[E0412]: cannot find type `VariableReplacementStrategyInput` in this scope
   --> rumbas/src/question/part/question_part.rs:380:1
    |
380 | / question_part_type! {
381 | |     pub struct QuestionPartCustom {
382 | |         r#type: RumbasString,
383 | |         settings: MapStringToCustomPartInputTypeValue
384 | |     }
385 | | }
    | |_^ help: an enum with a similar name exists: `VariableReplacementStrategy`
...
467 |   pub enum VariableReplacementStrategy {
    |   ------------------------------------ similarly named enum `VariableReplacementStrategy` defined here
    |
    = note: this error originates in a macro (in Nightly builds, run with -Z macro-backtrace for more info)

error[E0412]: cannot find type `QuestionPartInput` in this scope
   --> rumbas/src/question/part/question_part.rs:372:69
    |
43  |   pub type QuestionPartsInput = Vec<Value<QuestionPartInput>>;
    |   ------------------------------------------------------------ similarly named type alias `QuestionPartsInput` defined here
...
372 |                   pub fn get_steps(&mut self) -> &mut Value<Vec<Value<QuestionPartInput>>> {
    |                                                                       ^^^^^^^^^^^^^^^^^ help: a type alias with a similar name exists: `QuestionPartsInput`
...
380 | / question_part_type! {
381 | |     pub struct QuestionPartCustom {
382 | |         r#type: RumbasString,
383 | |         settings: MapStringToCustomPartInputTypeValue
384 | |     }
385 | | }
    | |_- in this macro invocation
    |
    = note: this error originates in a macro (in Nightly builds, run with -Z macro-backtrace for more info)

error[E0412]: cannot find type `CustomPartInputTypeValueInput` in this scope
   --> rumbas/src/question/part/question_part.rs:388:39
    |
387 | type MapStringToCustomPartInputTypeValueInput =
    |                                              - help: you might be missing a type parameter: `<CustomPartInputTypeValueInput>`
388 |     std::collections::HashMap<String, CustomPartInputTypeValueInput>;
    |                                       ^^^^^^^^^^^^^^^^^^^^^^^^^^^^^ not found in this scope

error[E0412]: cannot find type `CustomPartInputTypeValue` in this scope
   --> rumbas/src/question/part/question_part.rs:390:39
    |
390 |     std::collections::HashMap<String, CustomPartInputTypeValue>;
    |                                       ^^^^^^^^^^^^^^^^^^^^^^^^ not found in this scope
    |
help: consider importing this enum
    |
1   | use numbas::question::part::CustomPartInputTypeValue;
    |

error[E0412]: cannot find type `CustomPartInputTypeValue` in this scope
   --> rumbas/src/question/part/question_part.rs:400:69
    |
400 | impl ToNumbas<numbas::question::part::CustomPartInputTypeValue> for CustomPartInputTypeValue {
    |                                                                     ^^^^^^^^^^^^^^^^^^^^^^^^ not found in this scope
    |
help: consider importing this enum
    |
1   | use numbas::question::part::CustomPartInputTypeValue;
    |

error[E0412]: cannot find type `CustomPartInputTypeValue` in this scope
   --> rumbas/src/question/part/question_part.rs:413:15
    |
413 | impl ToRumbas<CustomPartInputTypeValue> for numbas::question::part::CustomPartInputTypeValue {
    |               ^^^^^^^^^^^^^^^^^^^^^^^^ not found in this scope
    |
help: consider importing this enum
    |
1   | use numbas::question::part::CustomPartInputTypeValue;
    |

error[E0412]: cannot find type `CustomPartInputTypeValue` in this scope
   --> rumbas/src/question/part/question_part.rs:414:28
    |
414 |     fn to_rumbas(&self) -> CustomPartInputTypeValue {
    |                            ^^^^^^^^^^^^^^^^^^^^^^^^ not found in this scope
    |
help: consider importing this enum
    |
1   | use numbas::question::part::CustomPartInputTypeValue;
    |

error[E0433]: failed to resolve: use of undeclared type `CustomPartInputTypeValue`
   --> rumbas/src/question/part/question_part.rs:417:17
    |
417 |                 CustomPartInputTypeValue::CheckBox(*v)
    |                 ^^^^^^^^^^^^^^^^^^^^^^^^ not found in this scope
    |
help: consider importing this enum
    |
1   | use numbas::question::part::CustomPartInputTypeValue;
    |

error[E0433]: failed to resolve: use of undeclared type `CustomPartInputTypeValue`
   --> rumbas/src/question/part/question_part.rs:420:17
    |
420 |                 CustomPartInputTypeValue::Code(v.to_string())
    |                 ^^^^^^^^^^^^^^^^^^^^^^^^ not found in this scope
    |
help: consider importing this enum
    |
1   | use numbas::question::part::CustomPartInputTypeValue;
    |

error[E0412]: cannot find type `PrimitiveInput` in this scope
  --> rumbas/src/question/part/extension.rs:18:1
   |
18 | / question_part_type! {
19 | |     pub struct QuestionPartExtension {}
20 | | }
   | |_^ not found in this scope
   |
   = note: this error originates in a macro (in Nightly builds, run with -Z macro-backtrace for more info)

error[E0412]: cannot find type `PrimitiveInput` in this scope
  --> rumbas/src/question/part/gapfill.rs:19:1
   |
19 | / question_part_type! {
20 | |     // The Gap fill question part type
21 | |     pub struct QuestionPartGapFill {
22 | |         /// Whether the answers should be sorted
...  |
26 | |     }
27 | | }
   | |_^ not found in this scope
   |
   = note: this error originates in a macro (in Nightly builds, run with -Z macro-backtrace for more info)

error[E0412]: cannot find type `PrimitiveInput` in this scope
  --> rumbas/src/question/part/information.rs:18:1
   |
18 | / question_part_type! {
19 | |     pub struct QuestionPartInformation {}
20 | | }
   | |_^ not found in this scope
   |
   = note: this error originates in a macro (in Nightly builds, run with -Z macro-backtrace for more info)

error[E0412]: cannot find type `PrimitiveInput` in this scope
  --> rumbas/src/question/part/jme.rs:28:1
   |
28 | / question_part_type! {
29 | |     pub struct QuestionPartJME {
30 | |         answer: EmbracedJMETranslatableString, //TODO: should this be translatable?
31 | |         answer_simplification: JMEAnswerSimplification,
...  |
47 | |     }
48 | | }
   | |_^ not found in this scope
   |
   = note: this error originates in a macro (in Nightly builds, run with -Z macro-backtrace for more info)

error[E0412]: cannot find type `CheckingTypeInput` in this scope
  --> rumbas/src/question/part/jme.rs:28:1
   |
28 | / question_part_type! {
29 | |     pub struct QuestionPartJME {
30 | |         answer: EmbracedJMETranslatableString, //TODO: should this be translatable?
31 | |         answer_simplification: JMEAnswerSimplification,
...  |
47 | |     }
48 | | }
   | |_^ not found in this scope
   |
   = note: this error originates in a macro (in Nightly builds, run with -Z macro-backtrace for more info)

error[E0412]: cannot find type `CheckingType` in this scope
  --> rumbas/src/question/part/jme.rs:33:23
   |
33 |         answer_check: CheckingType,
   |                       ^^^^^^^^^^^^ not found in this scope
   |
help: consider importing this enum
   |
1  | use numbas::question::part::number_entry::CheckingType;
   |

error[E0412]: cannot find type `CheckingType` in this scope
   --> rumbas/src/question/part/jme.rs:499:65
    |
499 | impl ToNumbas<numbas::question::part::jme::JMECheckingType> for CheckingType {
    |                                                                 ^^^^^^^^^^^^ not found in this scope
    |
help: consider importing this enum
    |
1   | use numbas::question::part::number_entry::CheckingType;
    |

error[E0412]: cannot find type `CheckingType` in this scope
   --> rumbas/src/question/part/jme.rs:524:15
    |
524 | impl ToRumbas<CheckingType> for numbas::question::part::jme::JMECheckingType {
    |               ^^^^^^^^^^^^ not found in this scope
    |
help: consider importing this enum
    |
1   | use numbas::question::part::number_entry::CheckingType;
    |

error[E0412]: cannot find type `CheckingType` in this scope
   --> rumbas/src/question/part/jme.rs:525:28
    |
525 |     fn to_rumbas(&self) -> CheckingType {
    |                            ^^^^^^^^^^^^ not found in this scope
    |
help: consider importing this enum
    |
1   | use numbas::question::part::number_entry::CheckingType;
    |

error[E0433]: failed to resolve: use of undeclared type `CheckingType`
   --> rumbas/src/question/part/jme.rs:528:17
    |
528 |                 CheckingType::RelativeDifference(CheckingTypeDataFloat {
    |                 ^^^^^^^^^^^^ not found in this scope
    |
help: consider importing this enum
    |
1   | use numbas::question::part::number_entry::CheckingType;
    |

error[E0433]: failed to resolve: use of undeclared type `CheckingType`
   --> rumbas/src/question/part/jme.rs:533:17
    |
533 |                 CheckingType::AbsoluteDifference(CheckingTypeDataFloat {
    |                 ^^^^^^^^^^^^ not found in this scope
    |
help: consider importing this enum
    |
1   | use numbas::question::part::number_entry::CheckingType;
    |

error[E0433]: failed to resolve: use of undeclared type `CheckingType`
   --> rumbas/src/question/part/jme.rs:538:17
    |
538 |                 CheckingType::DecimalPlaces(CheckingTypeDataNatural {
    |                 ^^^^^^^^^^^^ not found in this scope
    |
help: consider importing this enum
    |
1   | use numbas::question::part::number_entry::CheckingType;
    |

error[E0433]: failed to resolve: use of undeclared type `CheckingType`
   --> rumbas/src/question/part/jme.rs:543:17
    |
543 |                 CheckingType::SignificantFigures(CheckingTypeDataNatural {
    |                 ^^^^^^^^^^^^ not found in this scope
    |
help: consider importing this enum
    |
1   | use numbas::question::part::number_entry::CheckingType;
    |

error[E0412]: cannot find type `PrimitiveInput` in this scope
  --> rumbas/src/question/part/matrix.rs:20:1
   |
20 | / question_part_type! {
21 | |     pub struct QuestionPartMatrix {
22 | |         correct_answer: Primitive,
23 | |         dimensions: QuestionPartMatrixDimensions,
...  |
33 | |     }
34 | | }
   | |_^ not found in this scope
   |
   = note: this error originates in a macro (in Nightly builds, run with -Z macro-backtrace for more info)

error[E0412]: cannot find type `QuestionPartMatrixDimensionInput` in this scope
  --> rumbas/src/question/part/matrix.rs:85:1
   |
85 | / rumbas_support::optional_overwrite! {
86 | |     pub struct QuestionPartMatrixDimensions {
87 | |         rows: QuestionPartMatrixDimension,
88 | |         columns: QuestionPartMatrixDimension
89 | |     }
90 | | }
   | |_^ not found in this scope
   |
   = note: this error originates in a macro (in Nightly builds, run with -Z macro-backtrace for more info)

error[E0412]: cannot find type `QuestionPartMatrixDimension` in this scope
  --> rumbas/src/question/part/matrix.rs:87:15
   |
85 | / rumbas_support::optional_overwrite! {
86 | |     pub struct QuestionPartMatrixDimensions {
87 | |         rows: QuestionPartMatrixDimension,
   | |               ^^^^^^^^^^^^^^^^^^^^^^^^^^^ help: a struct with a similar name exists: `QuestionPartMatrixDimensions`
88 | |         columns: QuestionPartMatrixDimension
89 | |     }
90 | | }
   | |_- similarly named struct `QuestionPartMatrixDimensions` defined here

error[E0412]: cannot find type `QuestionPartMatrixDimension` in this scope
  --> rumbas/src/question/part/matrix.rs:88:18
   |
85 | / rumbas_support::optional_overwrite! {
86 | |     pub struct QuestionPartMatrixDimensions {
87 | |         rows: QuestionPartMatrixDimension,
88 | |         columns: QuestionPartMatrixDimension
   | |                  ^^^^^^^^^^^^^^^^^^^^^^^^^^^ help: a struct with a similar name exists: `QuestionPartMatrixDimensions`
89 | |     }
90 | | }
   | |_- similarly named struct `QuestionPartMatrixDimensions` defined here

error[E0412]: cannot find type `QuestionPartMatrixDimension` in this scope
   --> rumbas/src/question/part/matrix.rs:108:6
    |
85  | / rumbas_support::optional_overwrite! {
86  | |     pub struct QuestionPartMatrixDimensions {
87  | |         rows: QuestionPartMatrixDimension,
88  | |         columns: QuestionPartMatrixDimension
89  | |     }
90  | | }
    | |_- similarly named struct `QuestionPartMatrixDimensions` defined here
...
108 |   impl QuestionPartMatrixDimension {
    |        ^^^^^^^^^^^^^^^^^^^^^^^^^^^ help: a struct with a similar name exists: `QuestionPartMatrixDimensions`

error[E0412]: cannot find type `VariableValuedNaturalInput` in this scope
   --> rumbas/src/question/part/matrix.rs:154:1
    |
154 | / rumbas_support::optional_overwrite! {
155 | |     pub struct QuestionPartMatrixRangedDimension {
156 | |         /// The default size
157 | |         default: VariableValuedNatural,
...   |
162 | |     }
163 | | }
    | |_^ not found in this scope
    |
    = note: this error originates in a macro (in Nightly builds, run with -Z macro-backtrace for more info)

error[E0412]: cannot find type `NoneableVariableValuedNaturalInput` in this scope
   --> rumbas/src/question/part/matrix.rs:154:1
    |
154 | / rumbas_support::optional_overwrite! {
155 | |     pub struct QuestionPartMatrixRangedDimension {
156 | |         /// The default size
157 | |         default: VariableValuedNatural,
...   |
162 | |     }
163 | | }
    | |_^ not found in this scope
    |
    = note: this error originates in a macro (in Nightly builds, run with -Z macro-backtrace for more info)

error[E0412]: cannot find type `VariableValuedNatural` in this scope
   --> rumbas/src/question/part/matrix.rs:157:18
    |
157 |         default: VariableValuedNatural,
    |                  ^^^^^^^^^^^^^^^^^^^^^ help: an enum with a similar name exists: `VariableValued`
    | 
   ::: rumbas/src/support/variable_valued.rs:12:1
    |
12  | pub enum VariableValued<T> {
    | -------------------------- similarly named enum `VariableValued` defined here

error[E0412]: cannot find type `VariableValuedNatural` in this scope
   --> rumbas/src/question/part/matrix.rs:159:14
    |
159 |         min: VariableValuedNatural,
    |              ^^^^^^^^^^^^^^^^^^^^^ help: an enum with a similar name exists: `VariableValued`
    | 
   ::: rumbas/src/support/variable_valued.rs:12:1
    |
12  | pub enum VariableValued<T> {
    | -------------------------- similarly named enum `VariableValued` defined here

error[E0412]: cannot find type `NoneableVariableValuedNatural` in this scope
   --> rumbas/src/question/part/matrix.rs:161:14
    |
161 |         max: NoneableVariableValuedNatural
    |              ^^^^^^^^^^^^^^^^^^^^^^^^^^^^^ not found in this scope

error[E0412]: cannot find type `PrimitiveInput` in this scope
  --> rumbas/src/question/part/multiple_choice/choose_multiple.rs:26:1
   |
26 | / question_part_type! {
27 | |     pub struct QuestionPartChooseMultiple {
28 | |         /// Old name was `answers`
29 | |         #[serde(alias = "answers")]
...  |
40 | |     }
41 | | }
   | |_^ not found in this scope
   |
   = note: this error originates in a macro (in Nightly builds, run with -Z macro-backtrace for more info)

error[E0412]: cannot find type `MultipleChoiceWarningTypeInput` in this scope
  --> rumbas/src/question/part/multiple_choice/choose_multiple.rs:26:1
   |
26 | / question_part_type! {
27 | |     pub struct QuestionPartChooseMultiple {
28 | |         /// Old name was `answers`
29 | |         #[serde(alias = "answers")]
...  |
40 | |     }
41 | | }
   | |_^ help: a type alias with a similar name exists: `MultipleChoiceWarningType`
42 |   type MultipleChoiceWarningType = numbas::question::part::match_answers::MultipleChoiceWarningType;
   |   -------------------------------------------------------------------------------------------------- similarly named type alias `MultipleChoiceWarningType` defined here
   |
   = note: this error originates in a macro (in Nightly builds, run with -Z macro-backtrace for more info)

error[E0412]: cannot find type `PrimitiveInput` in this scope
   --> rumbas/src/question/part/multiple_choice/choose_one.rs:27:1
    |
27  | / question_part_type! {
28  | |     pub struct QuestionPartChooseOne {
29  | |         /// Old name was `answers`
30  | |         #[serde(alias = "answers")]
...   |
40  | |     }
41  | | }
    | |_^ help: a type alias with a similar name exists: `PrimitivesInput`
...
129 |   type PrimitivesInput = Vec<Value<numbas::support::primitive::Primitive>>;
    |   ------------------------------------------------------------------------- similarly named type alias `PrimitivesInput` defined here
    |
    = note: this error originates in a macro (in Nightly builds, run with -Z macro-backtrace for more info)

error[E0412]: cannot find type `MatrixRowPrimitive` in this scope
   --> rumbas/src/question/part/multiple_choice/choose_one.rs:131:80
    |
131 | impl ToNumbas<numbas::question::part::match_answers::MultipleChoiceMatrix> for MatrixRowPrimitive {
    |                                                                                ^^^^^^^^^^^^^^^^^^ not found in this scope

error[E0412]: cannot find type `MatrixRow` in this scope
   --> rumbas/src/question/part/multiple_choice/choose_one.rs:144:80
    |
144 | impl ToNumbas<numbas::question::part::match_answers::MultipleChoiceMatrix> for MatrixRow {
    |                                                                                ^^^^^^^^^ not found in this scope

error[E0412]: cannot find type `MatrixPrimitive` in this scope
   --> rumbas/src/question/part/multiple_choice/choose_one.rs:167:80
    |
167 | impl ToNumbas<numbas::question::part::match_answers::MultipleChoiceMatrix> for MatrixPrimitive {
    |                                                                                ^^^^^^^^^^^^^^^ not found in this scope
    |
help: consider importing this struct
    |
1   | use crate::question::part::multiple_choice::MatrixPrimitive;
    |

error[E0412]: cannot find type `PrimitiveInput` in this scope
  --> rumbas/src/question/part/multiple_choice/match_answers.rs:28:1
   |
28 | / question_part_type! {
29 | |     pub struct QuestionPartMatchAnswersWithItems {
30 | |         /// Old name was `answers`
31 | |         #[serde(alias = "answers")]
...  |
47 | |     }
48 | | }
   | |_^ not found in this scope
   |
   = note: this error originates in a macro (in Nightly builds, run with -Z macro-backtrace for more info)

error[E0412]: cannot find type `MultipleChoiceMatchAnswerDataInput` in this scope
  --> rumbas/src/question/part/multiple_choice/match_answers.rs:28:1
   |
28 | / question_part_type! {
29 | |     pub struct QuestionPartMatchAnswersWithItems {
30 | |         /// Old name was `answers`
31 | |         #[serde(alias = "answers")]
...  |
47 | |     }
48 | | }
   | |_^ not found in this scope
   |
   = note: this error originates in a macro (in Nightly builds, run with -Z macro-backtrace for more info)

error[E0412]: cannot find type `MatchAnswerWithItemsDisplayInput` in this scope
   --> rumbas/src/question/part/multiple_choice/match_answers.rs:28:1
    |
28  | / question_part_type! {
29  | |     pub struct QuestionPartMatchAnswersWithItems {
30  | |         /// Old name was `answers`
31  | |         #[serde(alias = "answers")]
...   |
47  | |     }
48  | | }
    | |_^ help: an enum with a similar name exists: `MatchAnswerWithItemsDisplay`
...
229 |   pub enum MatchAnswerWithItemsDisplay {
    |   ------------------------------------ similarly named enum `MatchAnswerWithItemsDisplay` defined here
    |
    = note: this error originates in a macro (in Nightly builds, run with -Z macro-backtrace for more info)

error[E0412]: cannot find type `MatchAnswersWithChoicesLayoutInput` in this scope
  --> rumbas/src/question/part/multiple_choice/match_answers.rs:28:1
   |
28 | / question_part_type! {
29 | |     pub struct QuestionPartMatchAnswersWithItems {
30 | |         /// Old name was `answers`
31 | |         #[serde(alias = "answers")]
...  |
47 | |     }
48 | | }
   | |_^ help: a type alias with a similar name exists: `MatchAnswersWithChoicesLayout`
49 | 
50 | / type MatchAnswersWithChoicesLayout =
51 | |     numbas::question::part::match_answers::MatchAnswersWithChoicesLayout;
   | |_________________________________________________________________________- similarly named type alias `MatchAnswersWithChoicesLayout` defined here
   |
   = note: this error originates in a macro (in Nightly builds, run with -Z macro-backtrace for more info)

error[E0412]: cannot find type `MultipleChoiceMatchAnswerData` in this scope
   --> rumbas/src/question/part/multiple_choice/match_answers.rs:32:22
    |
32  |           answer_data: MultipleChoiceMatchAnswerData,
    |                        ^^^^^^^^^^^^^^^^^^^^^^^^^^^^^ help: a struct with a similar name exists: `MultipleChoiceMatchAnswers`
...
288 | / rumbas_support::optional_overwrite! {
289 | |     pub struct MultipleChoiceMatchAnswers {
290 | |         /// Values of the answers
291 | |         answers: TranslatableStrings,
...   |
294 | |     }
295 | | }
    | |_- similarly named struct `MultipleChoiceMatchAnswers` defined here

error[E0412]: cannot find type `MultipleChoiceMatchAnswerData` in this scope
   --> rumbas/src/question/part/multiple_choice/match_answers.rs:155:15
    |
155 |   impl ToRumbas<MultipleChoiceMatchAnswerData>
    |                 ^^^^^^^^^^^^^^^^^^^^^^^^^^^^^
...
288 | / rumbas_support::optional_overwrite! {
289 | |     pub struct MultipleChoiceMatchAnswers {
290 | |         /// Values of the answers
291 | |         answers: TranslatableStrings,
...   |
294 | |     }
295 | | }
    | |_- similarly named struct `MultipleChoiceMatchAnswers` defined here
    |
help: a struct with a similar name exists
    |
155 | impl ToRumbas<MultipleChoiceMatchAnswers>
    |               ^^^^^^^^^^^^^^^^^^^^^^^^^^
help: you might be missing a type parameter
    |
155 | impl<MultipleChoiceMatchAnswerData> ToRumbas<MultipleChoiceMatchAnswerData>
    |     ^^^^^^^^^^^^^^^^^^^^^^^^^^^^^^^

error[E0412]: cannot find type `MultipleChoiceMatchAnswerData` in this scope
   --> rumbas/src/question/part/multiple_choice/match_answers.rs:158:28
    |
158 |       fn to_rumbas(&self) -> MultipleChoiceMatchAnswerData {
    |                              ^^^^^^^^^^^^^^^^^^^^^^^^^^^^^ help: a struct with a similar name exists: `MultipleChoiceMatchAnswers`
...
288 | / rumbas_support::optional_overwrite! {
289 | |     pub struct MultipleChoiceMatchAnswers {
290 | |         /// Values of the answers
291 | |         answers: TranslatableStrings,
...   |
294 | |     }
295 | | }
    | |_- similarly named struct `MultipleChoiceMatchAnswers` defined here

error[E0412]: cannot find type `VariableValuedTranslatableStringsInput` in this scope
   --> rumbas/src/question/part/multiple_choice/match_answers.rs:280:1
    |
280 | / rumbas_support::optional_overwrite! {
281 | |     pub struct MultipleChoiceMatchAnswerDataNumbasLike {
282 | |         answers: VariableValuedTranslatableStrings,
283 | |         choices: VariableValuedTranslatableStrings,
284 | |         marks: VariableValuedPrimitivess
285 | |     }
286 | | }
    | |_^ not found in this scope
    |
    = note: this error originates in a macro (in Nightly builds, run with -Z macro-backtrace for more info)

error[E0412]: cannot find type `VariableValuedPrimitivessInput` in this scope
   --> rumbas/src/question/part/multiple_choice/match_answers.rs:280:1
    |
280 | / rumbas_support::optional_overwrite! {
281 | |     pub struct MultipleChoiceMatchAnswerDataNumbasLike {
282 | |         answers: VariableValuedTranslatableStrings,
283 | |         choices: VariableValuedTranslatableStrings,
284 | |         marks: VariableValuedPrimitivess
285 | |     }
286 | | }
    | |_^ not found in this scope
    |
    = note: this error originates in a macro (in Nightly builds, run with -Z macro-backtrace for more info)

error[E0412]: cannot find type `VariableValuedTranslatableStrings` in this scope
   --> rumbas/src/question/part/multiple_choice/match_answers.rs:282:18
    |
282 |         answers: VariableValuedTranslatableStrings,
    |                  ^^^^^^^^^^^^^^^^^^^^^^^^^^^^^^^^^ not found in this scope

error[E0412]: cannot find type `VariableValuedTranslatableStrings` in this scope
   --> rumbas/src/question/part/multiple_choice/match_answers.rs:283:18
    |
283 |         choices: VariableValuedTranslatableStrings,
    |                  ^^^^^^^^^^^^^^^^^^^^^^^^^^^^^^^^^ not found in this scope

error[E0412]: cannot find type `VariableValuedPrimitivess` in this scope
   --> rumbas/src/question/part/multiple_choice/match_answers.rs:284:16
    |
284 |         marks: VariableValuedPrimitivess
    |                ^^^^^^^^^^^^^^^^^^^^^^^^^ not found in this scope

error[E0412]: cannot find type `PrimitiveInput` in this scope
   --> rumbas/src/question/part/multiple_choice/match_answers.rs:308:1
    |
308 | / rumbas_support::optional_overwrite! {
309 | |     pub struct MatchAnswersItemMarks {
310 | |         marks: Primitive,
311 | |         answer: TranslatableString
312 | |     }
313 | | }
    | |_^ not found in this scope
    |
    = note: this error originates in a macro (in Nightly builds, run with -Z macro-backtrace for more info)

error[E0412]: cannot find type `VariableValuedTranslatableStringsInput` in this scope
  --> rumbas/src/question/part/multiple_choice/mod.rs:31:1
   |
31 | / rumbas_support::optional_overwrite! {
32 | |     pub struct MultipleChoiceAnswerDataNumbasLike {
33 | |         answers: VariableValuedTranslatableStrings,
34 | |         marks: VariableValuedPrimitives,
35 | |         feedback: NoneableTranslatableStrings
36 | |     }
37 | | }
   | |_^ not found in this scope
   |
   = note: this error originates in a macro (in Nightly builds, run with -Z macro-backtrace for more info)

error[E0412]: cannot find type `VariableValuedPrimitivesInput` in this scope
  --> rumbas/src/question/part/multiple_choice/mod.rs:31:1
   |
31 | / rumbas_support::optional_overwrite! {
32 | |     pub struct MultipleChoiceAnswerDataNumbasLike {
33 | |         answers: VariableValuedTranslatableStrings,
34 | |         marks: VariableValuedPrimitives,
35 | |         feedback: NoneableTranslatableStrings
36 | |     }
37 | | }
   | |_^ not found in this scope
   |
   = note: this error originates in a macro (in Nightly builds, run with -Z macro-backtrace for more info)

error[E0412]: cannot find type `NoneableTranslatableStringsInput` in this scope
   --> rumbas/src/question/part/multiple_choice/mod.rs:31:1
    |
31  | / rumbas_support::optional_overwrite! {
32  | |     pub struct MultipleChoiceAnswerDataNumbasLike {
33  | |         answers: VariableValuedTranslatableStrings,
34  | |         marks: VariableValuedPrimitives,
35  | |         feedback: NoneableTranslatableStrings
36  | |     }
37  | | }
    | |_^ help: a type alias with a similar name exists: `TranslatableStringsInput`
    | 
   ::: rumbas/src/support/translatable.rs:334:13
    |
334 |               pub type [<$type sInput>] = Vec<Value<[<$type Input>]>>;
    |               -------------------------------------------------------- similarly named type alias `TranslatableStringsInput` defined here
    |
    = note: this error originates in a macro (in Nightly builds, run with -Z macro-backtrace for more info)

error[E0412]: cannot find type `VariableValuedTranslatableStrings` in this scope
  --> rumbas/src/question/part/multiple_choice/mod.rs:33:18
   |
33 |         answers: VariableValuedTranslatableStrings,
   |                  ^^^^^^^^^^^^^^^^^^^^^^^^^^^^^^^^^ not found in this scope

error[E0412]: cannot find type `VariableValuedPrimitives` in this scope
  --> rumbas/src/question/part/multiple_choice/mod.rs:34:16
   |
34 |         marks: VariableValuedPrimitives,
   |                ^^^^^^^^^^^^^^^^^^^^^^^^ not found in this scope

error[E0412]: cannot find type `NoneableTranslatableStrings` in this scope
   --> rumbas/src/question/part/multiple_choice/mod.rs:35:19
    |
35  |         feedback: NoneableTranslatableStrings
    |                   ^^^^^^^^^^^^^^^^^^^^^^^^^^^ help: a type alias with a similar name exists: `TranslatableStrings`
    | 
   ::: rumbas/src/support/translatable.rs:335:13
    |
335 |             pub type [<$type s>] = Vec<$type>;
    |             ---------------------------------- similarly named type alias `TranslatableStrings` defined here

error[E0412]: cannot find type `MatrixRowPrimitive` in this scope
  --> rumbas/src/question/part/multiple_choice/mod.rs:45:80
   |
45 | impl ToNumbas<numbas::question::part::match_answers::MultipleChoiceMatrix> for MatrixRowPrimitive {
   |                                                                                ^^^^^^^^^^^^^^^^^^ help: a struct with a similar name exists: `MatrixPrimitive`
...
73 | pub struct MatrixPrimitive(Vec<VariableValued<Vec<numbas::support::primitive::Primitive>>>);
   | -------------------------------------------------------------------------------------------- similarly named struct `MatrixPrimitive` defined here

error[E0412]: cannot find type `MatrixRow` in this scope
  --> rumbas/src/question/part/multiple_choice/mod.rs:57:80
   |
57 | impl ToNumbas<numbas::question::part::match_answers::MultipleChoiceMatrix> for MatrixRow {
   |                                                                                ^^^^^^^^^ not found in this scope

error[E0412]: cannot find type `MultipleChoiceAnswerData` in this scope
   --> rumbas/src/question/part/multiple_choice/mod.rs:93:6
    |
93  |   ) -> MultipleChoiceAnswerData {
    |        ^^^^^^^^^^^^^^^^^^^^^^^^ help: a struct with a similar name exists: `MultipleChoiceAnswer`
...
161 | / rumbas_support::optional_overwrite! {
162 | |     pub struct MultipleChoiceAnswer {
163 | |         statement: TranslatableString,
164 | |         feedback: TranslatableString,
165 | |         marks: Primitive // TODO: variable valued?
166 | |     }
167 | | }
    | |_- similarly named struct `MultipleChoiceAnswer` defined here

error[E0412]: cannot find type `PrimitiveInput` in this scope
   --> rumbas/src/question/part/multiple_choice/mod.rs:161:1
    |
40  |   type PrimitivesInput = Vec<Value<numbas::support::primitive::Primitive>>;
    |   ------------------------------------------------------------------------- similarly named type alias `PrimitivesInput` defined here
...
161 | / rumbas_support::optional_overwrite! {
162 | |     pub struct MultipleChoiceAnswer {
163 | |         statement: TranslatableString,
164 | |         feedback: TranslatableString,
165 | |         marks: Primitive // TODO: variable valued?
166 | |     }
167 | | }
    | |_^ help: a type alias with a similar name exists: `PrimitivesInput`
    |
    = note: this error originates in a macro (in Nightly builds, run with -Z macro-backtrace for more info)

error[E0412]: cannot find type `PrimitiveInput` in this scope
  --> rumbas/src/question/part/number_entry.rs:23:1
   |
23 | / question_part_type! {
24 | |     pub struct QuestionPartNumberEntry {
25 | |         answer: NumberEntryAnswer,
26 | |         display_correct_as_fraction: RumbasBool,
...  |
38 | |
39 | | }
   | |_^ not found in this scope
   |
   = note: this error originates in a macro (in Nightly builds, run with -Z macro-backtrace for more info)

error[E0412]: cannot find type `NumberEntryAnswerInput` in this scope
   --> rumbas/src/question/part/number_entry.rs:23:1
    |
23  | / question_part_type! {
24  | |     pub struct QuestionPartNumberEntry {
25  | |         answer: NumberEntryAnswer,
26  | |         display_correct_as_fraction: RumbasBool,
...   |
38  | |
39  | | }
    | |_^ help: a struct with a similar name exists: `NumberEntryAnswerRange`
...
110 | / rumbas_support::optional_overwrite! { // TODO, better (add toRumbas etc)
111 | |     pub struct NumberEntryAnswerRange {
112 | |         from: FileString,
113 | |         to: FileString
114 | |     }
115 | | }
    | |_- similarly named struct `NumberEntryAnswerRange` defined here
    |
    = note: this error originates in a macro (in Nightly builds, run with -Z macro-backtrace for more info)

error[E0412]: cannot find type `AnswerStyleInput` in this scope
   --> rumbas/src/question/part/number_entry.rs:23:1
    |
23  | / question_part_type! {
24  | |     pub struct QuestionPartNumberEntry {
25  | |         answer: NumberEntryAnswer,
26  | |         display_correct_as_fraction: RumbasBool,
...   |
38  | |
39  | | }
    | |_^ help: a type alias with a similar name exists: `AnswerStylesInput`
...
223 |   pub type AnswerStylesInput = Vec<Value<AnswerStyleInput>>;
    |   ---------------------------------------------------------- similarly named type alias `AnswerStylesInput` defined here
    |
    = note: this error originates in a macro (in Nightly builds, run with -Z macro-backtrace for more info)

error[E0412]: cannot find type `NumberEntryAnswer` in this scope
   --> rumbas/src/question/part/number_entry.rs:25:17
    |
25  |           answer: NumberEntryAnswer,
    |                   ^^^^^^^^^^^^^^^^^ help: a struct with a similar name exists: `NumberEntryAnswerRange`
...
110 | / rumbas_support::optional_overwrite! { // TODO, better (add toRumbas etc)
111 | |     pub struct NumberEntryAnswerRange {
112 | |         from: FileString,
113 | |         to: FileString
114 | |     }
115 | | }
    | |_- similarly named struct `NumberEntryAnswerRange` defined here

error[E0412]: cannot find type `NumberEntryAnswer` in this scope
   --> rumbas/src/question/part/number_entry.rs:117:80
    |
110 | / rumbas_support::optional_overwrite! { // TODO, better (add toRumbas etc)
111 | |     pub struct NumberEntryAnswerRange {
112 | |         from: FileString,
113 | |         to: FileString
114 | |     }
115 | | }
    | |_- similarly named struct `NumberEntryAnswerRange` defined here
116 | 
117 |   impl ToNumbas<numbas::question::part::number_entry::NumberEntryAnswerType> for NumberEntryAnswer {
    |                                                                                  ^^^^^^^^^^^^^^^^^ help: a struct with a similar name exists: `NumberEntryAnswerRange`

error[E0412]: cannot find type `NumberEntryAnswer` in this scope
   --> rumbas/src/question/part/number_entry.rs:142:15
    |
110 | / rumbas_support::optional_overwrite! { // TODO, better (add toRumbas etc)
111 | |     pub struct NumberEntryAnswerRange {
112 | |         from: FileString,
113 | |         to: FileString
114 | |     }
115 | | }
    | |_- similarly named struct `NumberEntryAnswerRange` defined here
...
142 |   impl ToRumbas<NumberEntryAnswer> for numbas::question::part::number_entry::NumberEntryAnswerType {
    |                 ^^^^^^^^^^^^^^^^^
    |
help: a struct with a similar name exists
    |
142 | impl ToRumbas<NumberEntryAnswerRange> for numbas::question::part::number_entry::NumberEntryAnswerType {
    |               ^^^^^^^^^^^^^^^^^^^^^^
help: you might be missing a type parameter
    |
142 | impl<NumberEntryAnswer> ToRumbas<NumberEntryAnswer> for numbas::question::part::number_entry::NumberEntryAnswerType {
    |     ^^^^^^^^^^^^^^^^^^^

error[E0412]: cannot find type `NumberEntryAnswer` in this scope
   --> rumbas/src/question/part/number_entry.rs:143:28
    |
110 | / rumbas_support::optional_overwrite! { // TODO, better (add toRumbas etc)
111 | |     pub struct NumberEntryAnswerRange {
112 | |         from: FileString,
113 | |         to: FileString
114 | |     }
115 | | }
    | |_- similarly named struct `NumberEntryAnswerRange` defined here
...
143 |       fn to_rumbas(&self) -> NumberEntryAnswer {
    |                              ^^^^^^^^^^^^^^^^^ help: a struct with a similar name exists: `NumberEntryAnswerRange`

error[E0412]: cannot find type `AnswerStyleInput` in this scope
   --> rumbas/src/question/part/number_entry.rs:223:40
    |
223 | pub type AnswerStylesInput = Vec<Value<AnswerStyleInput>>;
    |                           -            ^^^^^^^^^^^^^^^^ not found in this scope
    |                           |
    |                           help: you might be missing a type parameter: `<AnswerStyleInput>`

error[E0412]: cannot find type `PrimitiveInput` in this scope
  --> rumbas/src/question/part/pattern_match.rs:21:1
   |
21 | / question_part_type! {
22 | |     pub struct QuestionPartPatternMatch {
23 | |         case_sensitive: RumbasBool,
24 | |         partial_credit: RumbasFloat,
...  |
28 | |     }
29 | | }
   | |_^ not found in this scope
   |
   = note: this error originates in a macro (in Nightly builds, run with -Z macro-backtrace for more info)

error[E0412]: cannot find type `PatternMatchModeInput` in this scope
  --> rumbas/src/question/part/pattern_match.rs:21:1
   |
21 | / question_part_type! {
22 | |     pub struct QuestionPartPatternMatch {
23 | |         case_sensitive: RumbasBool,
24 | |         partial_credit: RumbasFloat,
...  |
28 | |     }
29 | | }
   | |_^ help: a type alias with a similar name exists: `PatternMatchMode`
30 |   type PatternMatchMode = numbas::question::part::pattern_match::PatternMatchMode;
   |   -------------------------------------------------------------------------------- similarly named type alias `PatternMatchMode` defined here
   |
   = note: this error originates in a macro (in Nightly builds, run with -Z macro-backtrace for more info)

error[E0412]: cannot find type `ResourcePathInput` in this scope
  --> rumbas/src/question/resource.rs:22:41
   |
22 | pub type ResourcePathsInput = Vec<Value<ResourcePathInput>>;
   |                            -            ^^^^^^^^^^^^^^^^^ not found in this scope
   |                            |
   |                            help: you might be missing a type parameter: `<ResourcePathInput>`

error[E0412]: cannot find type `VariableRepresentation` in this scope
  --> rumbas/src/question/variable.rs:25:57
   |
25 | impl ToNumbas<numbas::question::variable::Variable> for VariableRepresentation {
   |                                                         ^^^^^^^^^^^^^^^^^^^^^^ not found in this scope

error[E0412]: cannot find type `VariableRepresentation` in this scope
  --> rumbas/src/question/variable.rs:41:15
   |
41 | impl ToRumbas<VariableRepresentation> for numbas::question::variable::Variable {
   |     -         ^^^^^^^^^^^^^^^^^^^^^^ not found in this scope
   |     |
   |     help: you might be missing a type parameter: `<VariableRepresentation>`

error[E0412]: cannot find type `VariableRepresentation` in this scope
  --> rumbas/src/question/variable.rs:42:28
   |
42 |     fn to_rumbas(&self) -> VariableRepresentation {
   |                            ^^^^^^^^^^^^^^^^^^^^^^ not found in this scope

error[E0412]: cannot find type `VariableRepresentation` in this scope
  --> rumbas/src/question/variable.rs:52:6
   |
52 | impl VariableRepresentation {
   |      ^^^^^^^^^^^^^^^^^^^^^^ not found in this scope

error[E0412]: cannot find type `VariableStringRepresentation` in this scope
   --> rumbas/src/question/variable.rs:105:37
    |
105 | impl std::convert::From<String> for VariableStringRepresentation {
    |                                     ^^^^^^^^^^^^^^^^^^^^^^^^^^^^ not found in this scope

error[E0412]: cannot find type `VariableStringRepresentationInput` in this scope
   --> rumbas/src/question/variable.rs:117:37
    |
117 | impl std::convert::From<String> for VariableStringRepresentationInput {
    |                                     ^^^^^^^^^^^^^^^^^^^^^^^^^^^^^^^^^ not found in this scope

error[E0412]: cannot find type `VariableTemplateTypeInput` in this scope
   --> rumbas/src/question/variable.rs:241:1
    |
241 | / rumbas_support::optional_overwrite! {
242 | |     pub struct Variable {
243 | |         definition: FileString,//TODO: definition dependant of template type, for random_range: start, end and step instead
244 | |         description: RumbasString,
...   |
247 | |     }
248 | | }
    | |_^ help: an enum with a similar name exists: `VariableTemplateType`
...
290 |   pub enum VariableTemplateType {
    |   ----------------------------- similarly named enum `VariableTemplateType` defined here
    |
    = note: this error originates in a macro (in Nightly builds, run with -Z macro-backtrace for more info)

error[E0412]: cannot find type `QuestionFileTypeInput` in this scope
   --> rumbas/src/question/mod.rs:185:40
    |
175 | impl QuestionInput {
    |     - help: you might be missing a type parameter: `<QuestionFileTypeInput>`
...
185 |         let input: std::result::Result<QuestionFileTypeInput, serde_yaml::Error> =
    |                                        ^^^^^^^^^^^^^^^^^^^^^ not found in this scope

error[E0531]: cannot find tuple struct or tuple variant `Normal` in this scope
   --> rumbas/src/question/mod.rs:189:17
    |
189 |                 Normal(e) => Ok(*e),
    |                 ^^^^^^ not found in this scope
    |
help: consider importing one of these items
    |
14  | use rumbas_support::template::ValueType::Normal;
    |
14  | use std::path::Component::Normal;
    |

error[E0531]: cannot find tuple struct or tuple variant `Template` in this scope
   --> rumbas/src/question/mod.rs:190:17
    |
190 |                 Template(t_res) => {
    |                 ^^^^^^^^ not found in this scope
    |
help: consider importing this tuple variant
    |
14  | use rumbas_support::template::ValueType::Template;
    |

error[E0412]: cannot find type `QuestionFileType` in this scope
   --> rumbas/src/question/mod.rs:224:6
    |
224 | impl QuestionFileType {
    |      ^^^^^^^^^^^^^^^^ not found in this scope

error[E0412]: cannot find type `QuestionFileTypeInput` in this scope
   --> rumbas/src/question/mod.rs:230:6
    |
230 | impl QuestionFileTypeInput {
    |      ^^^^^^^^^^^^^^^^^^^^^ not found in this scope

warning: unused import: `crate::exam::diagnostic::DiagnosticExam`
  --> rumbas/src/exam/mod.rs:13:5
   |
13 | use crate::exam::diagnostic::DiagnosticExam;
   |     ^^^^^^^^^^^^^^^^^^^^^^^^^^^^^^^^^^^^^^^
   |
   = note: `#[warn(unused_imports)]` on by default

warning: unused import: `crate::exam::diagnostic::DiagnosticExamInput`
  --> rumbas/src/exam/mod.rs:14:5
   |
14 | use crate::exam::diagnostic::DiagnosticExamInput;
   |     ^^^^^^^^^^^^^^^^^^^^^^^^^^^^^^^^^^^^^^^^^^^^

warning: unused import: `crate::exam::normal::NormalExam`
  --> rumbas/src/exam/mod.rs:17:5
   |
17 | use crate::exam::normal::NormalExam;
   |     ^^^^^^^^^^^^^^^^^^^^^^^^^^^^^^^

warning: unused import: `crate::exam::normal::NormalExamInput`
  --> rumbas/src/exam/mod.rs:18:5
   |
18 | use crate::exam::normal::NormalExamInput;
   |     ^^^^^^^^^^^^^^^^^^^^^^^^^^^^^^^^^^^^

warning: unused import: `schemars::JsonSchema`
  --> rumbas/src/exam/mod.rs:26:5
   |
26 | use schemars::JsonSchema;
   |     ^^^^^^^^^^^^^^^^^^^^

warning: unused imports: `Deserialize`, `Serialize`
  --> rumbas/src/exam/mod.rs:27:13
   |
27 | use serde::{Deserialize, Serialize};
   |             ^^^^^^^^^^^  ^^^^^^^^^

warning: unused import: `crate::question::part::extension::QuestionPartExtension`
 --> rumbas/src/question/part/question_part.rs:1:5
  |
1 | use crate::question::part::extension::QuestionPartExtension;
  |     ^^^^^^^^^^^^^^^^^^^^^^^^^^^^^^^^^^^^^^^^^^^^^^^^^^^^^^^

warning: unused import: `crate::question::part::extension::QuestionPartExtensionInput`
 --> rumbas/src/question/part/question_part.rs:2:5
  |
2 | use crate::question::part::extension::QuestionPartExtensionInput;
  |     ^^^^^^^^^^^^^^^^^^^^^^^^^^^^^^^^^^^^^^^^^^^^^^^^^^^^^^^^^^^^

warning: unused import: `crate::question::part::gapfill::QuestionPartGapFill`
 --> rumbas/src/question/part/question_part.rs:3:5
  |
3 | use crate::question::part::gapfill::QuestionPartGapFill;
  |     ^^^^^^^^^^^^^^^^^^^^^^^^^^^^^^^^^^^^^^^^^^^^^^^^^^^

warning: unused import: `crate::question::part::gapfill::QuestionPartGapFillInput`
 --> rumbas/src/question/part/question_part.rs:4:5
  |
4 | use crate::question::part::gapfill::QuestionPartGapFillInput;
  |     ^^^^^^^^^^^^^^^^^^^^^^^^^^^^^^^^^^^^^^^^^^^^^^^^^^^^^^^^

warning: unused import: `crate::question::part::information::QuestionPartInformation`
 --> rumbas/src/question/part/question_part.rs:5:5
  |
5 | use crate::question::part::information::QuestionPartInformation;
  |     ^^^^^^^^^^^^^^^^^^^^^^^^^^^^^^^^^^^^^^^^^^^^^^^^^^^^^^^^^^^

warning: unused import: `crate::question::part::information::QuestionPartInformationInput`
 --> rumbas/src/question/part/question_part.rs:6:5
  |
6 | use crate::question::part::information::QuestionPartInformationInput;
  |     ^^^^^^^^^^^^^^^^^^^^^^^^^^^^^^^^^^^^^^^^^^^^^^^^^^^^^^^^^^^^^^^^

warning: unused import: `crate::question::part::jme::QuestionPartJME`
 --> rumbas/src/question/part/question_part.rs:7:5
  |
7 | use crate::question::part::jme::QuestionPartJME;
  |     ^^^^^^^^^^^^^^^^^^^^^^^^^^^^^^^^^^^^^^^^^^^

warning: unused import: `crate::question::part::jme::QuestionPartJMEInput`
 --> rumbas/src/question/part/question_part.rs:8:5
  |
8 | use crate::question::part::jme::QuestionPartJMEInput;
  |     ^^^^^^^^^^^^^^^^^^^^^^^^^^^^^^^^^^^^^^^^^^^^^^^^

warning: unused import: `crate::question::part::matrix::QuestionPartMatrix`
 --> rumbas/src/question/part/question_part.rs:9:5
  |
9 | use crate::question::part::matrix::QuestionPartMatrix;
  |     ^^^^^^^^^^^^^^^^^^^^^^^^^^^^^^^^^^^^^^^^^^^^^^^^^

warning: unused import: `crate::question::part::matrix::QuestionPartMatrixInput`
  --> rumbas/src/question/part/question_part.rs:10:5
   |
10 | use crate::question::part::matrix::QuestionPartMatrixInput;
   |     ^^^^^^^^^^^^^^^^^^^^^^^^^^^^^^^^^^^^^^^^^^^^^^^^^^^^^^

warning: unused import: `crate::question::part::multiple_choice::choose_multiple::QuestionPartChooseMultiple`
  --> rumbas/src/question/part/question_part.rs:11:5
   |
11 | use crate::question::part::multiple_choice::choose_multiple::QuestionPartChooseMultiple;
   |     ^^^^^^^^^^^^^^^^^^^^^^^^^^^^^^^^^^^^^^^^^^^^^^^^^^^^^^^^^^^^^^^^^^^^^^^^^^^^^^^^^^^

warning: unused import: `crate::question::part::multiple_choice::choose_multiple::QuestionPartChooseMultipleInput`
  --> rumbas/src/question/part/question_part.rs:12:5
   |
12 | use crate::question::part::multiple_choice::choose_multiple::QuestionPartChooseMultipleInput;
   |     ^^^^^^^^^^^^^^^^^^^^^^^^^^^^^^^^^^^^^^^^^^^^^^^^^^^^^^^^^^^^^^^^^^^^^^^^^^^^^^^^^^^^^^^^

warning: unused import: `crate::question::part::multiple_choice::choose_one::QuestionPartChooseOne`
  --> rumbas/src/question/part/question_part.rs:13:5
   |
13 | use crate::question::part::multiple_choice::choose_one::QuestionPartChooseOne;
   |     ^^^^^^^^^^^^^^^^^^^^^^^^^^^^^^^^^^^^^^^^^^^^^^^^^^^^^^^^^^^^^^^^^^^^^^^^^

warning: unused import: `crate::question::part::multiple_choice::choose_one::QuestionPartChooseOneInput`
  --> rumbas/src/question/part/question_part.rs:14:5
   |
14 | use crate::question::part::multiple_choice::choose_one::QuestionPartChooseOneInput;
   |     ^^^^^^^^^^^^^^^^^^^^^^^^^^^^^^^^^^^^^^^^^^^^^^^^^^^^^^^^^^^^^^^^^^^^^^^^^^^^^^

warning: unused import: `crate::question::part::multiple_choice::match_answers::QuestionPartMatchAnswersWithItems`
  --> rumbas/src/question/part/question_part.rs:15:5
   |
15 | use crate::question::part::multiple_choice::match_answers::QuestionPartMatchAnswersWithItems;
   |     ^^^^^^^^^^^^^^^^^^^^^^^^^^^^^^^^^^^^^^^^^^^^^^^^^^^^^^^^^^^^^^^^^^^^^^^^^^^^^^^^^^^^^^^^

warning: unused import: `crate::question::part::multiple_choice::match_answers::QuestionPartMatchAnswersWithItemsInput`
  --> rumbas/src/question/part/question_part.rs:16:5
   |
16 | use crate::question::part::multiple_choice::match_answers::QuestionPartMatchAnswersWithItemsInput;
   |     ^^^^^^^^^^^^^^^^^^^^^^^^^^^^^^^^^^^^^^^^^^^^^^^^^^^^^^^^^^^^^^^^^^^^^^^^^^^^^^^^^^^^^^^^^^^^^

warning: unused import: `crate::question::part::number_entry::QuestionPartNumberEntry`
  --> rumbas/src/question/part/question_part.rs:17:5
   |
17 | use crate::question::part::number_entry::QuestionPartNumberEntry;
   |     ^^^^^^^^^^^^^^^^^^^^^^^^^^^^^^^^^^^^^^^^^^^^^^^^^^^^^^^^^^^^

warning: unused import: `crate::question::part::number_entry::QuestionPartNumberEntryInput`
  --> rumbas/src/question/part/question_part.rs:18:5
   |
18 | use crate::question::part::number_entry::QuestionPartNumberEntryInput;
   |     ^^^^^^^^^^^^^^^^^^^^^^^^^^^^^^^^^^^^^^^^^^^^^^^^^^^^^^^^^^^^^^^^^

warning: unused import: `crate::question::part::pattern_match::QuestionPartPatternMatch`
  --> rumbas/src/question/part/question_part.rs:19:5
   |
19 | use crate::question::part::pattern_match::QuestionPartPatternMatch;
   |     ^^^^^^^^^^^^^^^^^^^^^^^^^^^^^^^^^^^^^^^^^^^^^^^^^^^^^^^^^^^^^^

warning: unused import: `crate::question::part::pattern_match::QuestionPartPatternMatchInput`
  --> rumbas/src/question/part/question_part.rs:20:5
   |
20 | use crate::question::part::pattern_match::QuestionPartPatternMatchInput;
   |     ^^^^^^^^^^^^^^^^^^^^^^^^^^^^^^^^^^^^^^^^^^^^^^^^^^^^^^^^^^^^^^^^^^^

warning: unused import: `crate::support::translatable::TranslatableStrings`
 --> rumbas/src/question/part/multiple_choice/mod.rs:6:5
  |
6 | use crate::support::translatable::TranslatableStrings;
  |     ^^^^^^^^^^^^^^^^^^^^^^^^^^^^^^^^^^^^^^^^^^^^^^^^^

warning: unused import: `crate::support::translatable::TranslatableStringsInput`
 --> rumbas/src/question/part/multiple_choice/mod.rs:7:5
  |
7 | use crate::support::translatable::TranslatableStringsInput;
  |     ^^^^^^^^^^^^^^^^^^^^^^^^^^^^^^^^^^^^^^^^^^^^^^^^^^^^^^

warning: unused import: `rumbas_support::rumbas_types::*`
  --> rumbas/src/question/part/multiple_choice/mod.rs:10:5
   |
10 | use rumbas_support::rumbas_types::*;
   |     ^^^^^^^^^^^^^^^^^^^^^^^^^^^^^^^

warning: unused import: `crate::support::translatable::TranslatableStrings`
  --> rumbas/src/question/part/multiple_choice/choose_one.rs:14:5
   |
14 | use crate::support::translatable::TranslatableStrings;
   |     ^^^^^^^^^^^^^^^^^^^^^^^^^^^^^^^^^^^^^^^^^^^^^^^^^

warning: unused import: `crate::support::translatable::TranslatableStringsInput`
  --> rumbas/src/question/part/multiple_choice/choose_one.rs:15:5
   |
15 | use crate::support::translatable::TranslatableStringsInput;
   |     ^^^^^^^^^^^^^^^^^^^^^^^^^^^^^^^^^^^^^^^^^^^^^^^^^^^^^^

warning: unused import: `numbas::support::answer_style::AnswerStyle as NumbasAnswerStyle`
  --> rumbas/src/question/part/number_entry.rs:15:5
   |
15 | use numbas::support::answer_style::AnswerStyle as NumbasAnswerStyle;
   |     ^^^^^^^^^^^^^^^^^^^^^^^^^^^^^^^^^^^^^^^^^^^^^^^^^^^^^^^^^^^^^^^

warning: unused import: `rumbas_support::optional_overwrite::*`
 --> rumbas/src/question/resource.rs:3:5
  |
3 | use rumbas_support::optional_overwrite::*;
  |     ^^^^^^^^^^^^^^^^^^^^^^^^^^^^^^^^^^^^^

warning: unused imports: `TemplateFileInput`, `TemplateFile`
  --> rumbas/src/question/mod.rs:43:32
   |
43 | use rumbas_support::template::{TemplateFile, TemplateFileInput};
   |                                ^^^^^^^^^^^^  ^^^^^^^^^^^^^^^^^

warning: unused imports: `ContentAreaString`, `EmbracedJMEString`
 --> rumbas/src/support/variable_valued.rs:3:19
  |
3 | use numbas::jme::{ContentAreaString, EmbracedJMEString, JMEString};
  |                   ^^^^^^^^^^^^^^^^^  ^^^^^^^^^^^^^^^^^

error[E0277]: the trait bound `exam::feedback::FeedbackMessage: rumbas_support::optional_overwrite_macros::RumbasCheck` is not satisfied
   --> rumbas/src/exam/feedback.rs:122:6
    |
122 | impl ToNumbas<numbas::exam::feedback::FeedbackMessage> for FeedbackMessage {
    |      ^^^^^^^^^^^^^^^^^^^^^^^^^^^^^^^^^^^^^^^^^^^^^^^^^ the trait `rumbas_support::optional_overwrite_macros::RumbasCheck` is not implemented for `exam::feedback::FeedbackMessage`
    | 
   ::: rumbas/src/support/to_numbas.rs:5:41
    |
5   | pub trait ToNumbas<NumbasType>: Clone + RumbasCheck {
    |                                         ----------- required by this bound in `ToNumbas`

error[E0277]: the trait bound `exam::navigation::ShowResultsPage: rumbas_support::optional_overwrite_macros::RumbasCheck` is not satisfied
   --> rumbas/src/exam/navigation.rs:186:6
    |
186 | impl ToNumbas<numbas::exam::navigation::ShowResultsPage> for ShowResultsPage {
    |      ^^^^^^^^^^^^^^^^^^^^^^^^^^^^^^^^^^^^^^^^^^^^^^^^^^^ the trait `rumbas_support::optional_overwrite_macros::RumbasCheck` is not implemented for `exam::navigation::ShowResultsPage`
    | 
   ::: rumbas/src/support/to_numbas.rs:5:41
    |
5   | pub trait ToNumbas<NumbasType>: Clone + RumbasCheck {
    |                                         ----------- required by this bound in `ToNumbas`

error[E0277]: the trait bound `question_part::VariableReplacementStrategy: rumbas_support::optional_overwrite_macros::RumbasCheck` is not satisfied
   --> rumbas/src/question/part/question_part.rs:473:6
    |
473 | impl ToNumbas<numbas::question::part::VariableReplacementStrategy> for VariableReplacementStrategy {
    |      ^^^^^^^^^^^^^^^^^^^^^^^^^^^^^^^^^^^^^^^^^^^^^^^^^^^^^^^^^^^^^ the trait `rumbas_support::optional_overwrite_macros::RumbasCheck` is not implemented for `question_part::VariableReplacementStrategy`
    | 
   ::: rumbas/src/support/to_numbas.rs:5:41
    |
5   | pub trait ToNumbas<NumbasType>: Clone + RumbasCheck {
    |                                         ----------- required by this bound in `ToNumbas`

error[E0277]: the trait bound `MatchAnswerWithItemsDisplay: rumbas_support::optional_overwrite_macros::RumbasCheck` is not satisfied
   --> rumbas/src/question/part/multiple_choice/match_answers.rs:237:6
    |
237 | impl ToNumbas<numbas::question::part::match_answers::MatchAnswersWithChoicesDisplayType>
    |      ^^^^^^^^^^^^^^^^^^^^^^^^^^^^^^^^^^^^^^^^^^^^^^^^^^^^^^^^^^^^^^^^^^^^^^^^^^^^^^^^^^^ the trait `rumbas_support::optional_overwrite_macros::RumbasCheck` is not implemented for `MatchAnswerWithItemsDisplay`
    | 
   ::: rumbas/src/support/to_numbas.rs:5:41
    |
5   | pub trait ToNumbas<NumbasType>: Clone + RumbasCheck {
    |                                         ----------- required by this bound in `ToNumbas`

error[E0277]: the trait bound `MatrixPrimitive: rumbas_support::optional_overwrite_macros::RumbasCheck` is not satisfied
  --> rumbas/src/question/part/multiple_choice/mod.rs:76:6
   |
76 | impl ToNumbas<numbas::question::part::match_answers::MultipleChoiceMatrix> for MatrixPrimitive {
   |      ^^^^^^^^^^^^^^^^^^^^^^^^^^^^^^^^^^^^^^^^^^^^^^^^^^^^^^^^^^^^^^^^^^^^^ the trait `rumbas_support::optional_overwrite_macros::RumbasCheck` is not implemented for `MatrixPrimitive`
   | 
  ::: rumbas/src/support/to_numbas.rs:5:41
   |
5  | pub trait ToNumbas<NumbasType>: Clone + RumbasCheck {
   |                                         ----------- required by this bound in `ToNumbas`

error[E0277]: the trait bound `question::part::number_entry::AnswerStyle: rumbas_support::optional_overwrite_macros::RumbasCheck` is not satisfied
   --> rumbas/src/question/part/number_entry.rs:191:6
    |
191 | impl ToNumbas<numbas::support::answer_style::AnswerStyle> for AnswerStyle {
    |      ^^^^^^^^^^^^^^^^^^^^^^^^^^^^^^^^^^^^^^^^^^^^^^^^^^^^ the trait `rumbas_support::optional_overwrite_macros::RumbasCheck` is not implemented for `question::part::number_entry::AnswerStyle`
    | 
   ::: rumbas/src/support/to_numbas.rs:5:41
    |
5   | pub trait ToNumbas<NumbasType>: Clone + RumbasCheck {
    |                                         ----------- required by this bound in `ToNumbas`

error[E0277]: the trait bound `ResourcePath: rumbas_support::optional_overwrite_macros::RumbasCheck` is not satisfied
  --> rumbas/src/question/resource.rs:24:6
   |
24 | impl ToNumbas<numbas::question::resource::Resource> for ResourcePath {
   |      ^^^^^^^^^^^^^^^^^^^^^^^^^^^^^^^^^^^^^^^^^^^^^^ the trait `rumbas_support::optional_overwrite_macros::RumbasCheck` is not implemented for `ResourcePath`
   | 
  ::: rumbas/src/support/to_numbas.rs:5:41
   |
5  | pub trait ToNumbas<NumbasType>: Clone + RumbasCheck {
   |                                         ----------- required by this bound in `ToNumbas`

error[E0277]: the trait bound `question::variable::VariableTemplateType: rumbas_support::optional_overwrite_macros::RumbasCheck` is not satisfied
   --> rumbas/src/question/variable.rs:310:6
    |
310 | impl ToNumbas<numbas::question::variable::VariableTemplateType> for VariableTemplateType {
    |      ^^^^^^^^^^^^^^^^^^^^^^^^^^^^^^^^^^^^^^^^^^^^^^^^^^^^^^^^^^ the trait `rumbas_support::optional_overwrite_macros::RumbasCheck` is not implemented for `question::variable::VariableTemplateType`
    | 
   ::: rumbas/src/support/to_numbas.rs:5:41
    |
5   | pub trait ToNumbas<NumbasType>: Clone + RumbasCheck {
    |                                         ----------- required by this bound in `ToNumbas`

error[E0277]: the trait bound `question::part::number_entry::AnswerStyle: rumbas_support::optional_overwrite::Input` is not satisfied
   --> rumbas/src/question/custom_part_type.rs:297:1
    |
105 |   pub struct CustomPartInputOptionValueInput<T: Clone + OptionalCheck + Input> {
    |                                                                         ----- required by this bound in `CustomPartInputOptionValueInput`
...
297 | / rumbas_support::optional_overwrite! {
298 | |     pub struct CustomPartNumberInputOptions {
299 | |         /// A string displayed next to the input field, giving any necessary information about how to enter their answer.
300 | |         hint: CustomPartInputOptionValueTranslatableString,
...   |
307 | |     }
308 | | }
    | |_^ the trait `rumbas_support::optional_overwrite::Input` is not implemented for `question::part::number_entry::AnswerStyle`
    |
    = note: required because of the requirements on the impl of `rumbas_support::optional_overwrite::Input` for `std::vec::Vec<question::part::number_entry::AnswerStyle>`
    = note: this error originates in a macro (in Nightly builds, run with -Z macro-backtrace for more info)

error[E0277]: the trait bound `FunctionType: rumbas_support::optional_overwrite_macros::RumbasCheck` is not satisfied
  --> rumbas/src/support/to_numbas.rs:98:14
   |
5  | pub trait ToNumbas<NumbasType>: Clone + RumbasCheck {
   |                                         ----------- required by this bound in `ToNumbas`
...
98 |         impl ToNumbas<$type> for $type {
   |              ^^^^^^^^^^^^^^^ the trait `rumbas_support::optional_overwrite_macros::RumbasCheck` is not implemented for `FunctionType`
   | 
  ::: rumbas/src/question/function.rs:17:1
   |
17 | impl_to_numbas!(NumbasFunctionType);
   | ------------------------------------ in this macro invocation
   |
   = note: this error originates in a macro (in Nightly builds, run with -Z macro-backtrace for more info)

error[E0277]: the trait bound `numbas::question::part::match_answers::MultipleChoiceWarningType: rumbas_support::optional_overwrite_macros::RumbasCheck` is not satisfied
  --> rumbas/src/support/to_numbas.rs:98:14
   |
5  | pub trait ToNumbas<NumbasType>: Clone + RumbasCheck {
   |                                         ----------- required by this bound in `ToNumbas`
...
98 |         impl ToNumbas<$type> for $type {
   |              ^^^^^^^^^^^^^^^ the trait `rumbas_support::optional_overwrite_macros::RumbasCheck` is not implemented for `numbas::question::part::match_answers::MultipleChoiceWarningType`
   | 
  ::: rumbas/src/question/part/multiple_choice/choose_multiple.rs:44:1
   |
44 | impl_to_numbas!(numbas::question::part::match_answers::MultipleChoiceWarningType);
   | ---------------------------------------------------------------------------------- in this macro invocation
   |
   = note: this error originates in a macro (in Nightly builds, run with -Z macro-backtrace for more info)

error[E0277]: the trait bound `numbas::question::part::match_answers::MatchAnswersWithChoicesLayout: rumbas_support::optional_overwrite_macros::RumbasCheck` is not satisfied
  --> rumbas/src/support/to_numbas.rs:98:14
   |
5  |   pub trait ToNumbas<NumbasType>: Clone + RumbasCheck {
   |                                           ----------- required by this bound in `ToNumbas`
...
98 |           impl ToNumbas<$type> for $type {
   |                ^^^^^^^^^^^^^^^ the trait `rumbas_support::optional_overwrite_macros::RumbasCheck` is not implemented for `numbas::question::part::match_answers::MatchAnswersWithChoicesLayout`
   | 
  ::: rumbas/src/question/part/multiple_choice/match_answers.rs:59:1
   |
59 | / impl_to_numbas!(
60 | |     numbas::question::part::match_answers::MatchAnswersWithChoicesLayout,
61 | |     numbas::question::part::match_answers::MatchAnswersWithChoicesDisplayType
62 | | );
   | |__- in this macro invocation
   |
   = note: this error originates in a macro (in Nightly builds, run with -Z macro-backtrace for more info)

error[E0277]: the trait bound `numbas::question::part::match_answers::MatchAnswersWithChoicesDisplayType: rumbas_support::optional_overwrite_macros::RumbasCheck` is not satisfied
  --> rumbas/src/support/to_numbas.rs:98:14
   |
5  |   pub trait ToNumbas<NumbasType>: Clone + RumbasCheck {
   |                                           ----------- required by this bound in `ToNumbas`
...
98 |           impl ToNumbas<$type> for $type {
   |                ^^^^^^^^^^^^^^^ the trait `rumbas_support::optional_overwrite_macros::RumbasCheck` is not implemented for `numbas::question::part::match_answers::MatchAnswersWithChoicesDisplayType`
   | 
  ::: rumbas/src/question/part/multiple_choice/match_answers.rs:59:1
   |
59 | / impl_to_numbas!(
60 | |     numbas::question::part::match_answers::MatchAnswersWithChoicesLayout,
61 | |     numbas::question::part::match_answers::MatchAnswersWithChoicesDisplayType
62 | | );
   | |__- in this macro invocation
   |
   = note: this error originates in a macro (in Nightly builds, run with -Z macro-backtrace for more info)

error[E0277]: the trait bound `numbas::question::part::match_answers::MultipleChoiceMatrix: rumbas_support::optional_overwrite_macros::RumbasCheck` is not satisfied
   --> rumbas/src/support/to_numbas.rs:98:14
    |
5   | pub trait ToNumbas<NumbasType>: Clone + RumbasCheck {
    |                                         ----------- required by this bound in `ToNumbas`
...
98  |         impl ToNumbas<$type> for $type {
    |              ^^^^^^^^^^^^^^^ the trait `rumbas_support::optional_overwrite_macros::RumbasCheck` is not implemented for `numbas::question::part::match_answers::MultipleChoiceMatrix`
    | 
   ::: rumbas/src/question/part/multiple_choice/mod.rs:153:1
    |
153 | impl_to_numbas!(numbas::question::part::match_answers::MultipleChoiceMatrix);
    | ----------------------------------------------------------------------------- in this macro invocation
    |
    = note: this error originates in a macro (in Nightly builds, run with -Z macro-backtrace for more info)

error[E0277]: the trait bound `numbas::support::primitive::Primitive: rumbas_support::optional_overwrite_macros::RumbasCheck` is not satisfied
   --> rumbas/src/support/to_numbas.rs:98:14
    |
5   | pub trait ToNumbas<NumbasType>: Clone + RumbasCheck {
    |                                         ----------- required by this bound in `ToNumbas`
...
98  |         impl ToNumbas<$type> for $type {
    |              ^^^^^^^^^^^^^^^ the trait `rumbas_support::optional_overwrite_macros::RumbasCheck` is not implemented for `numbas::support::primitive::Primitive`
    | 
   ::: rumbas/src/question/part/multiple_choice/mod.rs:157:1
    |
157 | impl_to_numbas!(numbas::support::primitive::Primitive);
    | ------------------------------------------------------- in this macro invocation
    |
    = note: this error originates in a macro (in Nightly builds, run with -Z macro-backtrace for more info)

error[E0277]: the trait bound `numbas::question::part::pattern_match::PatternMatchMode: rumbas_support::optional_overwrite_macros::RumbasCheck` is not satisfied
  --> rumbas/src/support/to_numbas.rs:98:14
   |
5  | pub trait ToNumbas<NumbasType>: Clone + RumbasCheck {
   |                                         ----------- required by this bound in `ToNumbas`
...
98 |         impl ToNumbas<$type> for $type {
   |              ^^^^^^^^^^^^^^^ the trait `rumbas_support::optional_overwrite_macros::RumbasCheck` is not implemented for `numbas::question::part::pattern_match::PatternMatchMode`
   | 
  ::: rumbas/src/question/part/pattern_match.rs:52:1
   |
52 | impl_to_numbas!(numbas::question::part::pattern_match::PatternMatchMode);
   | ------------------------------------------------------------------------- in this macro invocation
   |
   = note: this error originates in a macro (in Nightly builds, run with -Z macro-backtrace for more info)

error[E0277]: the trait bound `JMEString: rumbas_support::optional_overwrite_macros::RumbasCheck` is not satisfied
  --> rumbas/src/support/to_numbas.rs:98:14
   |
5  | pub trait ToNumbas<NumbasType>: Clone + RumbasCheck {
   |                                         ----------- required by this bound in `ToNumbas`
...
24 | impl_to_numbas!(numbas::jme::JMEString);
   | ---------------------------------------- in this macro invocation
...
98 |         impl ToNumbas<$type> for $type {
   |              ^^^^^^^^^^^^^^^ the trait `rumbas_support::optional_overwrite_macros::RumbasCheck` is not implemented for `JMEString`
   |
   = note: this error originates in a macro (in Nightly builds, run with -Z macro-backtrace for more info)

error[E0277]: the trait bound `EmbracedJMEString: rumbas_support::optional_overwrite_macros::RumbasCheck` is not satisfied
  --> rumbas/src/support/to_numbas.rs:98:14
   |
5  | pub trait ToNumbas<NumbasType>: Clone + RumbasCheck {
   |                                         ----------- required by this bound in `ToNumbas`
...
25 | impl_to_numbas!(numbas::jme::EmbracedJMEString);
   | ------------------------------------------------ in this macro invocation
...
98 |         impl ToNumbas<$type> for $type {
   |              ^^^^^^^^^^^^^^^ the trait `rumbas_support::optional_overwrite_macros::RumbasCheck` is not implemented for `EmbracedJMEString`
   |
   = note: this error originates in a macro (in Nightly builds, run with -Z macro-backtrace for more info)

error[E0277]: the trait bound `ContentAreaString: rumbas_support::optional_overwrite_macros::RumbasCheck` is not satisfied
  --> rumbas/src/support/to_numbas.rs:98:14
   |
5  | pub trait ToNumbas<NumbasType>: Clone + RumbasCheck {
   |                                         ----------- required by this bound in `ToNumbas`
...
26 | impl_to_numbas!(numbas::jme::ContentAreaString);
   | ------------------------------------------------ in this macro invocation
...
98 |         impl ToNumbas<$type> for $type {
   |              ^^^^^^^^^^^^^^^ the trait `rumbas_support::optional_overwrite_macros::RumbasCheck` is not implemented for `ContentAreaString`
   |
   = note: this error originates in a macro (in Nightly builds, run with -Z macro-backtrace for more info)

error: aborting due to 358 previous errors; 35 warnings emitted

Some errors have detailed explanations: E0277, E0412, E0425, E0432, E0433, E0531.
For more information about an error, try `rustc --explain E0277`.
error: could not compile `rumbas`

To learn more, run the command again with --verbose.
